3601    0.035881
3602    0.025742
3603    0.035489
3604    0.034836
3605    0.043816
3606    0.024096
3607    0.015288
3608    0.000445
3609    0.001518
3610    0.000911
3611    0.000223
3612    0.000821
3613    0.001195
3614    0.000497
3615    0.000671
3616    0.000919
3617    0.000561
3618    0.000436
3619    0.001589
3620    0.001296
3621    0.001025
3622    0.001221
3623    0.000954
3624    0.000672
3625    0.00148
3626    0.001133
3627    0.001175
3628    0.000456
3629    0.000932
3630    0.000638
3631    0.000636
3632    0.000668
3633    0.001819
3634    0.001084
3635    0.001285
3636    0.000487
3637    0.000218
3638    0.000499
3639    0.001086
3640    0.01186
3641    0.018365
3642    0
3643    0.000656
3644    0.000658
3645    0.00101
3646    0.000221
3647    0.000225
3648    0.012997
3649    0.011536
3650    0.000531
3651    0.000227
3652    0.000801
3653    0.000294
3654    0.001111
3655    0.000258
3656    0.000427
3657    0.000228
3658    0.001568
3659    0.000474
3660    0.00045
3661    0.000291
3662    0.000716
3663    0.000271
3664    0.000471
3665    0.000227
3666    0.000459
3667    0.000253
3668    0.000558
3669    0.000221
3670    0.000689
3671    0.000382
3672    0.00091
3673    0.000447
3674    0.001047
3675    0.131975
3676    0.06285
3677    0.028773
3678    0.018865
3679    0.012257
3680    0.002071
3681    0.004353
3682    0.001664
3683    0.00222
3684    0.001055
3685    0.002274
3686    0.001285
3687    0.001823
3688    0.001212
3689    0.001513
3690    0.001776
3691    0.000865
3692    0.000447
3693    0.002101
3694    0.001364
3695    0.000678
3696    0.000445
3697    0.000563
3698    0.000586
3699    0.000457
3700    0.000226
3701    0.000218
3702    0.000679
3703    0.000917
3704    0.000883
3705    0.001087
3706    0.000671
3707    0.000775
3708    0.001399
3709    0.000473
3710    0.000983
3711    0.001202
3712    0.001243
3713    0.000717
3714    0.00122
3715    0.000735
3716    0.000704
3717    0.000868
3718    0.00045
3719    0.001338
3720    0
3721    0.00096
3722    0.000887
3723    0.000956
3724    0.000419
3725    0.000966
3726    0.000937
3727    0.000695
3728    0.000974
3729    0.000717
3730    0.001261
3731    0.001103
3732    0.001469
3733    0.002096
3734    0.002472
3735    0.001296
3736    0.005123
3737    0.000961
3738    0.00119
3739    0.000659
3740    0.001308
3741    0.001737
3742    0.001399
3743    0.001201
3744    0.001161
3745    0.001734
3746    0.001422
3747    0.010116
3748    0.001755
3749    0.002693
3750    0.001905
3751    0.003143
3752    0.00132
3753    0.001089
3754    0.001338
3755    0.001578
3756    0.001699
3757    0.002228
3758    0.001598
3759    0.001452
3760    0.001981
3761    0.004442
3762    0.001873
3763    0.001952
3764    0.001562
3765    0.002445
3766    0.001535
3767    0.002075
3768    0.008187
3769    0.001569
3770    0.005976
3771    0.033631
3772    0.067292
3773    0.031499
3774    0.015024
3775    0.006436
3776    0.00128
3777    0.003769
3778    0.00171
3779    0.003151
3780    0.023789
3781    0.050147
3782    0.02265
3783    0.014843
3784    0.002682
3785    0.001935
3786    0.001566
3787    0.005125
3788    0.000265
3789    0.001016
3790    0.000662
3791    0.00196
3792    0.001347
3793    0.001689
3794    0.005503
3795    0.000236
3796    0.000865
3797    0.000226
3798    0.000259
3799    0.000496
3800    0.000234
3801    0
3802    0.000682
3803    0.014946
3804    0.000348
3805    0.000447
3806    0.000408
3807    0.000454
3808    0.000226
3809    0.00046
3810    0.000226
3811    0.000728
3812    0.000278
3813    0.000451
3814    0
3815    0.000224
3816    0.000755
3817    0
3818    0
3819    0.000453
3820    0.000942
3821    0
3822    0
3823    0.000224
3824    0.000227
3825    0
3826    0
3827    0.000664
3828    0.013709
3829    0.011386
3830    0
3831    0.00022
3832    0
3833    0
3834    0
3835    0.000292
3836    0
3837    0
3838    0
3839    0.000235
3840    0.000234
3841    0
3842    0
3843    0.000238
3844    0
3845    0
3846    0
3847    0.000225
3848    0
3849    0.000221
3850    0.000218
3851    0.009868
3852    0.01471
3853    0.000412
3854    0.000422
3855    0
3856    0
3857    0.000493
3858    0
3859    0
3860    0.000279
3861    0.000247
3862    0
3863    0.000242
3864    0
3865    0.000245
3866    0.000278
3867    0
3868    0
3869    0.001599
3870    0
3871    0
3872    0.000229
3873    0.021625
3874    0.032809
3875    0.027842
3876    0.013662
3877    0.000217
3878    0.000217
3879    0.000646
3880    0.000289
3881    0
3882    0.000255
3883    0.000489
3884    0.000262
3885    0.000639
3886    0.000725
3887    0.000902
3888    0.00088
3889    0.000465
3890    0.000415
3891    0.000413
3892    0.000428
3893    0.000607
3894    0.000427
3895    0.000488
3896    0.00063
3897    0.033534
3898    0.02829
3899    0
3900    0
3901    0
3902    0.000438
3903    0.000838
3904    0.001839
3905    0.000994
3906    0.000727
3907    0.000826
3908    0.01002
3909    0.040802
3910    0.034991
3911    0.029334
3912    0.015245
3913    0.000606
3914    0.000614
3915    0.000475
3916    0.002074
3917    0.000588
3918    0.000611
3919    0.000877
3920    0.001489
3921    0.000624
3922    0.000808
3923    0.001603
3924    0.001355
3925    0.001107
3926    0.001134
3927    0.001774
3928    0.000855
3929    0.001235
3930    0.00082
3931    0.001646
3932    0.000821
3933    0.000792
3934    0.000449
3935    0
3936    0.000478
3937    0
3938    0
3939    0.000518
3940    0.000228
3941    0.001982
3942    0.000222
3943    0
3944    0.000231
3945    0
3946    0.00062
3947    0.001546
3948    0.00107
3949    0.000994
3950    0.000579
3951    0.000672
3952    0.000473
3953    0.00064
3954    0.000737
3955    0.001184
3956    0.001012
3957    0.001056
3958    0.001074
3959    0.001188
3960    0.001743
3961    0.001423
3962    0.000756
3963    0.001476
3964    0.000647
3965    0.001917
3966    0.003092
3967    0.000262
3968    0
3969    0
3970    0.000243
3971    0.000242
3972    0.000287
3973    0
3974    0.000241
3975    0.000257
3976    0.001226
3977    0.000219
3978    0.000235
3979    0
3980    0
3981    0.000715
3982    0.000797
3983    0
3984    0.000251
3985    0.001085
3986    0.000894
3987    0.00092
3988    0.000641
3989    0.000872
3990    0.000945
3991    0.000659
3992    0.001153
3993    0.000873
3994    0.001895
3995    0.000854
3996    0.000754
3997    0.000774
3998    0.015204
3999    0.055753
4000    0.021187
4001    0.000447
4002    0.000635
4003    0.001055
4004    0.001359
4005    0.000692
4006    0.001071
4007    0.001074
4008    0.000611
4009    0.000853
4010    0.001569
4011    0.008094
4012    0.001017
4013    0.000883
4014    0.000895
4015    0.000562
4016    0.000416
4017    0.000978
4018    0.000813
4019    0.000643
4020    0.000422
4021    0.000656
4022    0.051534
4023    0.022526
4024    0.001024
4025    0.000861
4026    0.000636
4027    0.002925
4028    0.001242
4029    0.000437
4030    0.000435
4031    0.000517
4032    0.000451
4033    0.00064
4034    0.001496
4035    0.000433
4036    0.001355
4037    0.000873
4038    0.000881
4039    0.000692
4040    0.001075
4041    0.001103
4042    0.002011
4043    0.001298
4044    0.001058
4045    0.001063
4046    0.001578
4047    0.008676
4048    0.047479
4049    0.007944
4050    0.001744
4051    0.002007
4052    0.001182
4053    0.000682
4054    0.000459
4055    0.001127
4056    0.000876
4057    0.000656
4058    0.000252
4059    0.000446
4060    0.000469
4061    0.000443
4062    0.000659
4063    0
4064    0.002929
4065    0.000778
4066    0.001615
4067    0.000445
4068    0.014957
4069    0.00886
4070    0.000454
4071    0.000985
4072    0.000415
4073    0.000684
4074    0.000454
4075    0.001636
4076    0.000457
4077    0.000691
4078    0.000637
4079    0.001232
4080    0.001365
4081    0.000632
4082    0.000853
4083    0.000876
4084    0.000668
4085    0.000877
4086    0.000648
4087    0.009575
4088    0.027449
4089    0.022606
4090    0.016974
4091    0.0008
4092    0.000617
4093    0.000679
4094    0.001233
4095    0.001479
4096    0.00075
4097    0.000852
4098    0.000835
4099    0.000705
4100    0.000639
4101    0.001159
4102    0.141761
4103    0.084255
4104    0.042038
4105    0.0083
4106    0.001842
4107    0.002049
4108    0.001337
4109    0.001149
4110    0.001286
4111    0.001169
4112    0.001534
4113    0.001051
4114    0.001307
4115    0.000915
4116    0.001117
4117    0.001139
4118    0.002127
4119    0.002466
4120    0.001975
4121    0.001135
4122    0.001537
4123    0.001192
4124    0.003525
4125    0.001275
4126    0.001394
4127    0.001552
4128    0.001856
4129    0.001362
4130    0.001732
4131    0.001143
4132    0.002434
4133    0.002403
4134    0.00252
4135    0.004078
4136    0.003065
4137    0.003293
4138    0.004278
4139    0.004039
4140    0.004508
4141    0.017643
4142    0.004837
4143    0.005634
4144    0.001144
4145    0.001341
4146    0.001301
4147    0.000964
4148    0.00128
4149    0.001654
4150    0.002868
4151    0.001735
4152    0.001727
4153    0.001933
4154    0.001665
4155    0.008775
4156    0.0009
4157    0.001076
4158    0.000887
4159    0.002649
4160    0.002199
4161    0.001379
4162    0.000725
4163    0.000453
4164    0.001468
4165    0.000472
4166    0.002212
4167    0.000869
4168    0.00087
4169    0.001428
4170    0.001644
4171    0.000899
4172    0.011314
4173    0.000771
4174    0.001187
4175    0.001395
4176    0.001881
4177    0.001255
4178    0.000967
4179    0.000225
4180    0.000666
4181    0.000565
4182    0.000468
4183    0.00044
4184    0.000487
4185    0.001206
4186    0.000927
4187    0.000888
4188    0.000963
4189    0.001514
4190    0.071382
4191    0.028762
4192    0.018289
4193    0.000489
4194    0.000227
4195    0.000456
4196    0.012013
4197    0.009589
4198    0.00038
4199    0
4200    0.000459
4201    0.000228
4202    0.000642
4203    0.026543
4204    0.015156
4205    0.001423
4206    0.001155
4207    0.00137
4208    0.030674
4209    0.054114
4210    0.011125
4211    0.001344
4212    0.000508
4213    0.001329
4214    0.001089
4215    0.001341
4216    0.000878
4217    0.001392
4218    0.001468
4219    0.00092
4220    0.002035
4221    0.000897
4222    0.001664
4223    0.001074
4224    0.001059
4225    0.001058
4226    0.001736
4227    0.010265
4228    0.000666
4229    0.00057
4230    0.000475
4231    0.000222
4232    0.001042
4233    0.001183
4234    0.000226
4235    0.000657
4236    0.000474
4237    0.000512
4238    0.00063
4239    0.000712
4240    0.001094
4241    0.001198
4242    0.000872
4243    0.000493
4244    0.001034
4245    0.000684
4246    0.001306
4247    0.000923
4248    0.000558
4249    0.000716
4250    0.001231
4251    0.000449
4252    0.00086
4253    0.000503
4254    0.001332
4255    0.000703
4256    0.001332
4257    0.000961
4258    0.00109
4259    0.001344
4260    0.000226
4261    0.000418
4262    0.003632
4263    0.00045
4264    0.000855
4265    0.000658
4266    0.000286
4267    0.00022
4268    0.000756
4269    0.00045
4270    0.000661
4271    0.000609
4272    0.000674
4273    0.000232
4274    0.00068
4275    0.00051
4276    0.000979
4277    0.000442
4278    0.000899
4279    0.000463
4280    0.000703
4281    0.000967
4282    0.000459
4283    0.000266
4284    0.00047
4285    0.000666
4286    0.001294
4287    0.000499
4288    0.000759
4289    0
4290    0.000615
4291    0.000442
4292    0.000675
4293    0.001043
4294    0.000221
4295    0.000217
4296    0.000259
4297    0
4298    0
4299    0.000534
4300    0.001348
4301    0.011513
4302    0.0015
4303    0.000219
4304    0.001068
4305    0.000307
4306    0.037688
4307    0.014705
4308    0.001264
4309    0.000662
4310    0.000621
4311    0.000641
4312    0.001615
4313    0.000928
4314    0.001333
4315    0.000842
4316    0.001819
4317    0.018516
4318    0.000685
4319    0
4320    0
4321    0.000584
4322    0
4323    0.000222
4324    0.000242
4325    0.000383
4326    0.003718
4327    0
4328    0.000225
4329    0
4330    0.000459
4331    0.00029
4332    0.000472
4333    0.000282
4334    0.000721
4335    0
4336    0.00045
4337    0.000224
4338    0.000824
4339    0.000488
4340    0.000218
4341    0.000444
4342    0.000533
4343    0.000529
4344    0.000317
4345    0.000462
4346    0.000842
4347    0.000479
4348    0.000247
4349    0.000738
4350    0
4351    0.000528
4352    0.00098
4353    0
4354    0.000225
4355    0.000469
4356    0
4357    0.000896
4358    0
4359    0.000444
4360    0.000704
4361    0
4362    0.000228
4363    0.000699
4364    0.000458
4365    0.000228
4366    0.000226
4367    0.000589
4368    0.000273
4369    0.000992
4370    0.000409
4371    0.000238
4372    0.000917
4373    0
4374    0
4375    0.000767
4376    0
4377    0.000484
4378    0.000435
4379    0.000507
4380    0.000539
4381    0.000232
4382    0
4383    0
4384    0.000463
4385    0
4386    0
4387    0.000435
4388    0.000255
4389    0.000443
4390    0.000891
4391    0
4392    0.000219
4393    0.000487
4394    0.001382
4395    0.002098
4396    0
4397    0.000916
4398    0
4399    0
4400    0.000802
4401    0.000245
4402    0.00023
4403    0.000459
4404    0
4405    0.000229
4406    0.000488
4407    0
4408    0
4409    0.000532
4410    0.000751
4411    0
4412    0.001524
4413    0
4414    0
4415    0.000748
4416    0
4417    0
4418    0.000219
4419    0.000372
4420    0.000628
4421    0.000605
4422    0
4423    0.000354
4424    0.000246
4425    0
4426    0
4427    0.000523
4428    0.01882
4429    0.004528
4430    0.0006
4431    0
4432    0
4433    0.00022
4434    0.000481
4435    0.000276
4436    0.00066
4437    0
4438    0
4439    0.000343
4440    0
4441    0
4442    0.000629
4443    0
4444    0
4445    0.000476
4446    0
4447    0
4448    0.000481
4449    0
4450    0.000493
4451    0.000246
4452    0
4453    0
4454    0.000275
4455    0
4456    0
4457    0.000245
4458    0
4459    0.00023
4460    0.000251
4461    0.000219
4462    0
4463    0.000827
4464    0
4465    0.000526
4466    0.000223
4467    0
4468    0
4469    0.000537
4470    0.000395
4471    0.000241
4472    0.000227
4473    0
4474    0
4475    0.000227
4476    0.024174
4477    0.064983
4478    0.025005
4479    0.069855
4480    0.008292
4481    0
4482    0.00023
4483    0
4484    0.000446
4485    0
4486    0.000447
4487    0.000226
4488    0.015858
4489    0.005108
4490    0.000224
4491    0.000805
4492    0.000447
4493    0.00029
4494    0.000651
4495    0.000224
4496    0.000701
4497    0.001133
4498    0
4499    0
4500    0.000763
4501    0.000477
4502    0.00025
4503    0.000517
4504    0.000223
4505    0.000223
4506    0.000294
4507    0.000675
4508    0
4509    0.000362
4510    0
4511    0.000223
4512    0.000827
4513    0
4514    0.000222
4515    0.000226
4516    0
4517    0.000239
4518    0.000904
4519    0
4520    0
4521    0.000642
4522    0
4523    0.000615
4524    0.000705
4525    0.000294
4526    0
4527    0.000672
4528    0.000526
4529    0
4530    0.00022
4531    0.000227
4532    0.000605
4533    0.000233
4534    0.000514
4535    0.00022
4536    0
4537    0.000234
4538    0.000469
4539    0.000477
4540    0.00048
4541    0
4542    0.000269
4543    0.0005
4544    0.000237
4545    0.000223
4546    0.000448
4547    0.000478
4548    0.000219
4549    0.00023
4550    0.000464
4551    0.000249
4552    0.000238
4553    0
4554    0.00026
4555    0
4556    0
4557    0.000722
4558    0.000247
4559    0
4560    0
4561    0.000362
4562    0
4563    0
4564    0.000218
4565    0.000473
4566    0.000252
4567    0
4568    0.000482
4569    0.000417
4570    0
4571    0.000241
4572    0
4573    0
4574    0.000242
4575    0.000223
4576    0
4577    0.000231
4578    0.000221
4579    0
4580    0
4581    0.000294
4582    0
4583    0
4584    0.000627
4585    0
4586    0.000244
4587    0.00022
4588    0
4589    0.001092
4590    0
4591    0.000472
4592    0
4593    0
4594    0.000223
4595    0.000229
4596    0
4597    0.000225
4598    0
4599    0.000249
4600    0
4601    0
4602    0.000507
4603    0.000225
4604    0
4605    0.000708
4606    0.000252
4607    0.000509
4608    0.000795
4609    0.000228
4610    0.000246
4611    0.000541
4612    0.000223
4613    0.000725
4614    0.000497
4615    0.000599
4616    0.000232
4617    0.000682
4618    0.000222
4619    0
4620    0.000226
4621    0.000439
4622    0
4623    0.000614
4624    0.000475
4625    0
4626    0.000464
4627    0.000227
4628    0.001072
4629    0.000224
4630    0.00022
4631    0
4632    0.000686
4633    0.000225
4634    0
4635    0.000672
4636    0.000727
4637    0
4638    0.000236
4639    0.00027
4640    0.000585
4641    0.000821
4642    0.000229
4643    0.000225
4644    0.00097
4645    0
4646    0.00023
4647    0.000445
4648    0.000251
4649    0.000502
4650    0.000222
4651    0.000233
4652    0.00022
4653    0.000423
4654    0.000228
4655    0.000222
4656    0.000301
4657    0.000444
4658    0.000503
4659    0.00044
4660    0.000877
4661    0.000219
4662    0.00023
4663    0.002139
4664    0.011073
4665    0.00069
4666    0.000223
4667    0.000768
4668    0
4669    0
4670    0.000256
4671    0
4672    0.000256
4673    0.000247
4674    0.000221
4675    0
4676    0
4677    0
4678    0
4679    0.000706
4680    0.00026
4681    0
4682    0.000223
4683    0.000259
4684    0
4685    0.000688
4686    0
4687    0.000268
4688    0.000472
4689    0
4690    0.000358
4691    0.000436
4692    0
4693    0
4694    0.000565
4695    0.000473
4696    0.000325
4697    0.000242
4698    0.000408
4699    0
4700    0.000729
4701    0.010046
4702    0.000243
4703    0.000453
4704    0
4705    0.001065
4706    0.000225
4707    0
4708    0.000464
4709    0.00082
4710    0.000225
4711    0
4712    0.000222
4713    0.00022
4714    0.00023
4715    0
4716    0.000448
4717    0
4718    0.00023
4719    0.000224
4720    0
4721    0.000463
4722    0
4723    0
4724    0.000488
4725    0
4726    0.000455
4727    0.000447
4728    0
4729    0.000238
4730    0
4731    0
4732    0.000228
4733    0
4734    0.000481
4735    0
4736    0
4737    0.000454
4738    0
4739    0.000557
4740    0
4741    0.000223
4742    0
4743    0.000246
4744    0.000222
4745    0.000443
4746    0.000256
4747    0
4748    0.000239
4749    0.000232
4750    0.000223
4751    0
4752    0
4753    0
4754    0.000251
4755    0.000518
4756    0
4757    0.000223
4758    0.000498
4759    0.009644
4760    0.07416
4761    0.021594
4762    0.000222
4763    0
4764    0
4765    0.000468
4766    0
4767    0.000223
4768    0.000222
4769    0
4770    0
4771    0.000688
4772    0
4773    0.001234
4774    0
4775    0
4776    0.000538
4777    0
4778    0
4779    0.000687
4780    0.000326
4781    0.000697
4782    0.006087
4783    0.000259
4784    0.000227
4785    0.000232
4786    0
4787    0.000746
4788    0.000223
4789    0.000486
4790    0
4791    0.00045
4792    0.000299
4793    0
4794    0.000228
4795    0
4796    0
4797    0.00074
4798    0
4799    0.000712
4800    0
4801    0
4802    0
4803    0.000222
4804    0
4805    0
4806    0.000443
4807    0
4808    0
4809    0.000468
4810    0
4811    0
4812    0.000227
4813    0
4814    0
4815    0.00075
4816    0
4817    0
4818    0
4819    0
4820    0
4821    0.000417
4822    0.000223
4823    0
4824    0
4825    0
4826    0.000247
4827    0.000237
4828    0
4829    0
4830    0
4831    0
4832    0.000251
4833    0.000223
4834    0
4835    0.000258
4836    0
4837    0
4838    0
4839    0
4840    0.000238
4841    0
4842    0
4843    0.000864
4844    0
4845    0
4846    0.000669
4847    0
4848    0
4849    0
4850    0
4851    0
4852    0
4853    0.000423
4854    0
4855    0.00023
4856    0
4857    0
4858    0
4859    0
4860    0.000664
4861    0
4862    0
4863    0
4864    0.000239
4865    0
4866    0
4867    0.000228
4868    0
4869    0
4870    0
4871    0
4872    0
4873    0
4874    0.000222
4875    0.000226
4876    0.000233
4877    0
4878    0
4879    0.000241
4880    0
4881    0.000864
4882    0
4883    0.000228
4884    0
4885    0
4886    0
4887    0
4888    0.000502
4889    0
4890    0.000251
4891    0.000292
4892    0
4893    0
4894    0
4895    0.000222
4896    0.000228
4897    0
4898    0
4899    0.000232
4900    0.000229
4901    0
4902    0
4903    0.000222
4904    0.000291
4905    0
4906    0
4907    0
4908    0.000235
4909    0
4910    0
4911    0.000221
4912    0.000279
4913    0
4914    0
4915    0
4916    0
4917    0
4918    0
4919    0.000755
4920    0
4921    0.000421
4922    0
4923    0.00085
4924    0.000224
4925    0
4926    0
4927    0.000464
4928    0
4929    0
4930    0.000253
4931    0.000249
4932    0
4933    0
4934    0.000655
4935    0.000291
4936    0
4937    0.000226
4938    0
4939    0
4940    0.000255
4941    0
4942    0
4943    0.000766
4944    0
4945    0
4946    0.000229
4947    0.000462
4948    0.000221
4949    0
4950    0
4951    0.000487
4952    0.00022
4953    0.000276
4954    0
4955    0
4956    0.000226
4957    0
4958    0.00022
4959    0.000223
4960    0.000475
4961    0
4962    0
4963    0.000258
4964    0
4965    0.000479
4966    0
4967    0.000505
4968    0.000313
4969    0.000231
4970    0.000241
4971    0.000441
4972    0
4973    0.000676
4974    0
4975    0.000994
4976    0.000421
4977    0.00022
4978    0.000446
4979    0
4980    0.000231
4981    0.000284
4982    0.000666
4983    0.02915
4984    0.006476
4985    0.000936
4986    0.00023
4987    0.000343
4988    0.000228
4989    0
4990    0
4991    0.000225
4992    0.000792
4993    0
4994    0.000459
4995    0.000343
4996    0.00087
4997    0.000223
4998    0.000246
4999    0.00023
5000    0.000521
