3601    0.169958
3602    0.095723
3603    0.136096
3604    0.126885
3605    0.160501
3606    0.08509
3607    0.043675
3608    0.000966
3609    0.004093
3610    0.002742
3611    0.000458
3612    0.001661
3613    0.002517
3614    0.00104
3615    0.001495
3616    0.002041
3617    0.001148
3618    0.000989
3619    0.003708
3620    0.004125
3621    0.003093
3622    0.003103
3623    0.00209
3624    0.001925
3625    0.003099
3626    0.002449
3627    0.00318
3628    0.000925
3629    0.001955
3630    0.001399
3631    0.001384
3632    0.001426
3633    0.005432
3634    0.001619
3635    0.003168
3636    0.001654
3637    0.000453
3638    0.001121
3639    0.002014
3640    0.041151
3641    0.060136
3642    0
3643    0.001892
3644    0.001975
3645    0.002038
3646    0.00051
3647    0.000555
3648    0.044945
3649    0.038661
3650    0.001909
3651    0.00051
3652    0.001935
3653    0.000578
3654    0.002388
3655    0.00054
3656    0.000978
3657    0.000509
3658    0.002453
3659    0.001077
3660    0.001058
3661    0.000586
3662    0.001612
3663    0.000658
3664    0.001075
3665    0.000509
3666    0.001204
3667    0.000537
3668    0.0013
3669    0.000575
3670    0.002228
3671    0.000825
3672    0.002972
3673    0.001012
3674    0.002165
3675    0.548621
3676    0.244523
3677    0.10785
3678    0.059643
3679    0.030037
3680    0.004842
3681    0.009046
3682    0.004565
3683    0.007651
3684    0.002564
3685    0.005718
3686    0.003522
3687    0.004991
3688    0.002893
3689    0.003676
3690    0.00528
3691    0.001931
3692    0.001085
3693    0.005461
3694    0.0051
3695    0.001484
3696    0.000982
3697    0.001783
3698    0.001779
3699    0.000973
3700    0.0005
3701    0.000455
3702    0.002981
3703    0.002652
3704    0.001965
3705    0.002402
3706    0.001516
3707    0.001678
3708    0.003327
3709    0.001022
3710    0.002113
3711    0.004397
3712    0.003075
3713    0.001474
3714    0.002051
3715    0.001554
3716    0.00265
3717    0.002378
3718    0.001008
3719    0.003618
3720    0
3721    0.002152
3722    0.002085
3723    0.00215
3724    0.000992
3725    0.002119
3726    0.002463
3727    0.001552
3728    0.002098
3729    0.001557
3730    0.003204
3731    0.003074
3732    0.003912
3733    0.004784
3734    0.004836
3735    0.002835
3736    0.014266
3737    0.002329
3738    0.00263
3739    0.001427
3740    0.00288
3741    0.004314
3742    0.003085
3743    0.002529
3744    0.002505
3745    0.003582
3746    0.003495
3747    0.031144
3748    0.005052
3749    0.006205
3750    0.005695
3751    0.009456
3752    0.002632
3753    0.002552
3754    0.003795
3755    0.003526
3756    0.004018
3757    0.004695
3758    0.003617
3759    0.003272
3760    0.004392
3761    0.011638
3762    0.003649
3763    0.004925
3764    0.00302
3765    0.004774
3766    0.003719
3767    0.003912
3768    0.022123
3769    0.004494
3770    0.023662
3771    0.132502
3772    0.233426
3773    0.112583
3774    0.058083
3775    0.016799
3776    0.003293
3777    0.009574
3778    0.003865
3779    0.007271
3780    0.056945
3781    0.160725
3782    0.06075
3783    0.034626
3784    0.006438
3785    0.004822
3786    0.00321
3787    0.014147
3788    0.0005
3789    0.002047
3790    0.002405
3791    0.006055
3792    0.002716
3793    0.003541
3794    0.01413
3795    0.000515
3796    0.001812
3797    0.000431
3798    0.00184
3799    0.000992
3800    0.000441
3801    0
3802    0.001688
3803    0.049912
3804    0.000622
3805    0.001024
3806    0.000825
3807    0.001019
3808    0.000521
3809    0.001018
3810    0.000523
3811    0.001612
3812    0.00055
3813    0.001061
3814    0
3815    0.000512
3816    0.002247
3817    0
3818    0
3819    0.001037
3820    0.002995
3821    0
3822    0
3823    0.000538
3824    0.000537
3825    0
3826    0
3827    0.001523
3828    0.032989
3829    0.028909
3830    0
3831    0.000534
3832    0
3833    0
3834    0
3835    0.000613
3836    0
3837    0
3838    0
3839    0.000518
3840    0.001281
3841    0
3842    0
3843    0.000544
3844    0
3845    0
3846    0
3847    0.00051
3848    0
3849    0.000463
3850    0.000496
3851    0.046658
3852    0.039035
3853    0.000851
3854    0.000864
3855    0
3856    0
3857    0.00106
3858    0
3859    0
3860    0.000727
3861    0.000528
3862    0
3863    0.000555
3864    0
3865    0.000527
3866    0.00067
3867    0
3868    0
3869    0.003582
3870    0
3871    0
3872    0.000522
3873    0.075299
3874    0.105751
3875    0.084258
3876    0.032504
3877    0.000423
3878    0.000448
3879    0.002042
3880    0.001057
3881    0
3882    0.000525
3883    0.001874
3884    0.000507
3885    0.002325
3886    0.001675
3887    0.001859
3888    0.003107
3889    0.001034
3890    0.000942
3891    0.000944
3892    0.000947
3893    0.001135
3894    0.00094
3895    0.001526
3896    0.002358
3897    0.143796
3898    0.088465
3899    0
3900    0
3901    0
3902    0.001531
3903    0.001681
3904    0.004191
3905    0.001971
3906    0.002646
3907    0.002363
3908    0.024351
3909    0.116414
3910    0.103839
3911    0.085994
3912    0.039158
3913    0.001291
3914    0.001344
3915    0.001053
3916    0.006787
3917    0.00166
3918    0.001925
3919    0.003619
3920    0.005695
3921    0.001903
3922    0.001724
3923    0.004358
3924    0.00342
3925    0.002695
3926    0.003023
3927    0.003194
3928    0.002271
3929    0.003774
3930    0.001746
3931    0.003041
3932    0.001701
3933    0.001701
3934    0.000902
3935    0
3936    0.001987
3937    0
3938    0
3939    0.002309
3940    0.000762
3941    0.006449
3942    0.000459
3943    0
3944    0.000552
3945    0
3946    0.001835
3947    0.003239
3948    0.002141
3949    0.001904
3950    0.001171
3951    0.001338
3952    0.000963
3953    0.001273
3954    0.001553
3955    0.002531
3956    0.002381
3957    0.002777
3958    0.003198
3959    0.003092
3960    0.003495
3961    0.00408
3962    0.00157
3963    0.003615
3964    0.001333
3965    0.00457
3966    0.007088
3967    0.000551
3968    0
3969    0
3970    0.00055
3971    0.000558
3972    0.000694
3973    0
3974    0.000502
3975    0.000511
3976    0.002581
3977    0.00045
3978    0.000465
3979    0
3980    0
3981    0.001602
3982    0.002442
3983    0
3984    0.001801
3985    0.002779
3986    0.001903
3987    0.001862
3988    0.001372
3989    0.001795
3990    0.002044
3991    0.001353
3992    0.004164
3993    0.001775
3994    0.003355
3995    0.001845
3996    0.001604
3997    0.001483
3998    0.05513
3999    0.19229
4000    0.074422
4001    0.001521
4002    0.001974
4003    0.003251
4004    0.004469
4005    0.001854
4006    0.002194
4007    0.002909
4008    0.001274
4009    0.00183
4010    0.004405
4011    0.020001
4012    0.002099
4013    0.002297
4014    0.002692
4015    0.00106
4016    0.000966
4017    0.002692
4018    0.002432
4019    0.001495
4020    0.000961
4021    0.002113
4022    0.16402
4023    0.066082
4024    0.002756
4025    0.002406
4026    0.001427
4027    0.009063
4028    0.00326
4029    0.000897
4030    0.000911
4031    0.000986
4032    0.000949
4033    0.001364
4034    0.002943
4035    0.000888
4036    0.00434
4037    0.001948
4038    0.001748
4039    0.002141
4040    0.00277
4041    0.00296
4042    0.003811
4043    0.00278
4044    0.002318
4045    0.002973
4046    0.005353
4047    0.032805
4048    0.13328
4049    0.019331
4050    0.003654
4051    0.004808
4052    0.002734
4053    0.001558
4054    0.001075
4055    0.002286
4056    0.002256
4057    0.001467
4058    0.000566
4059    0.000964
4060    0.001025
4061    0.001098
4062    0.001523
4063    0
4064    0.005189
4065    0.001606
4066    0.002606
4067    0.001039
4068    0.035932
4069    0.029547
4070    0.000996
4071    0.00258
4072    0.000895
4073    0.001557
4074    0.000912
4075    0.003579
4076    0.000921
4077    0.001441
4078    0.001369
4079    0.002953
4080    0.00248
4081    0.00132
4082    0.001656
4083    0.001836
4084    0.001351
4085    0.001918
4086    0.001212
4087    0.020298
4088    0.084755
4089    0.056085
4090    0.040922
4091    0.001706
4092    0.002028
4093    0.001557
4094    0.003159
4095    0.003035
4096    0.001481
4097    0.00204
4098    0.001851
4099    0.002019
4100    0.001979
4101    0.003011
4102    0.545022
4103    0.286461
4104    0.130975
4105    0.021314
4106    0.005574
4107    0.005599
4108    0.003084
4109    0.002345
4110    0.003018
4111    0.003125
4112    0.003187
4113    0.002162
4114    0.002833
4115    0.002151
4116    0.002483
4117    0.002449
4118    0.00462
4119    0.006928
4120    0.00378
4121    0.002997
4122    0.004253
4123    0.003134
4124    0.010178
4125    0.002623
4126    0.004133
4127    0.003961
4128    0.00542
4129    0.004229
4130    0.005353
4131    0.003047
4132    0.006718
4133    0.006403
4134    0.006463
4135    0.009531
4136    0.007821
4137    0.008863
4138    0.011213
4139    0.00982
4140    0.009755
4141    0.039305
4142    0.012146
4143    0.013175
4144    0.002888
4145    0.003214
4146    0.002997
4147    0.00223
4148    0.002896
4149    0.004023
4150    0.005768
4151    0.003332
4152    0.005148
4153    0.003904
4154    0.004865
4155    0.026826
4156    0.0029
4157    0.002696
4158    0.001882
4159    0.005693
4160    0.00469
4161    0.004402
4162    0.001661
4163    0.001117
4164    0.003779
4165    0.001054
4166    0.005492
4167    0.00253
4168    0.002483
4169    0.004928
4170    0.004312
4171    0.002233
4172    0.057661
4173    0.001658
4174    0.003446
4175    0.003754
4176    0.004643
4177    0.003409
4178    0.0021
4179    0.000503
4180    0.00154
4181    0.001882
4182    0.001069
4183    0.001448
4184    0.00109
4185    0.002385
4186    0.002697
4187    0.002055
4188    0.002738
4189    0.003358
4190    0.197822
4191    0.062197
4192    0.042762
4193    0.001108
4194    0.000547
4195    0.000917
4196    0.043626
4197    0.033925
4198    0.000775
4199    0
4200    0.001624
4201    0.00105
4202    0.002346
4203    0.087848
4204    0.042085
4205    0.00527
4206    0.003215
4207    0.003015
4208    0.070149
4209    0.160223
4210    0.027589
4211    0.005036
4212    0.001144
4213    0.003172
4214    0.003631
4215    0.00337
4216    0.002454
4217    0.005063
4218    0.003926
4219    0.002355
4220    0.006088
4221    0.001997
4222    0.003506
4223    0.002431
4224    0.002343
4225    0.003112
4226    0.003911
4227    0.027324
4228    0.002102
4229    0.001296
4230    0.001196
4231    0.00111
4232    0.003204
4233    0.00234
4234    0.000584
4235    0.001953
4236    0.001009
4237    0.001548
4238    0.001404
4239    0.002184
4240    0.003302
4241    0.003258
4242    0.002584
4243    0.001048
4244    0.002883
4245    0.002038
4246    0.00367
4247    0.002182
4248    0.001738
4249    0.001509
4250    0.002702
4251    0.001045
4252    0.001788
4253    0.001248
4254    0.003156
4255    0.001493
4256    0.003731
4257    0.002993
4258    0.003089
4259    0.004116
4260    0.000496
4261    0.000949
4262    0.008253
4263    0.002017
4264    0.003266
4265    0.00207
4266    0.001107
4267    0.000492
4268    0.001621
4269    0.000909
4270    0.002624
4271    0.001268
4272    0.001897
4273    0.000503
4274    0.001555
4275    0.0011
4276    0.0027
4277    0.001028
4278    0.003202
4279    0.001034
4280    0.001589
4281    0.002272
4282    0.001012
4283    0.000583
4284    0.001052
4285    0.001473
4286    0.006504
4287    0.001191
4288    0.002673
4289    0
4290    0.001543
4291    0.001694
4292    0.002007
4293    0.00234
4294    0.000577
4295    0.000481
4296    0.001066
4297    0
4298    0
4299    0.001647
4300    0.003078
4301    0.034336
4302    0.004541
4303    0.000513
4304    0.002098
4305    0.000726
4306    0.145249
4307    0.048481
4308    0.00456
4309    0.00208
4310    0.001339
4311    0.001353
4312    0.002937
4313    0.002011
4314    0.00281
4315    0.002584
4316    0.006296
4317    0.065573
4318    0.002654
4319    0
4320    0
4321    0.001847
4322    0
4323    0.000548
4324    0.000529
4325    0.000916
4326    0.017314
4327    0
4328    0.000556
4329    0
4330    0.001105
4331    0.000556
4332    0.002277
4333    0.000689
4334    0.00221
4335    0
4336    0.001017
4337    0.00063
4338    0.001791
4339    0.002404
4340    0.000454
4341    0.001051
4342    0.001345
4343    0.001072
4344    0.000691
4345    0.001238
4346    0.001372
4347    0.001917
4348    0.000568
4349    0.00317
4350    0
4351    0.001335
4352    0.002939
4353    0
4354    0.000507
4355    0.001933
4356    0
4357    0.003809
4358    0
4359    0.001986
4360    0.00167
4361    0
4362    0.000585
4363    0.001666
4364    0.001214
4365    0.001506
4366    0.000512
4367    0.001666
4368    0.000703
4369    0.001882
4370    0.001978
4371    0.000517
4372    0.002734
4373    0
4374    0
4375    0.001549
4376    0
4377    0.00121
4378    0.001074
4379    0.001171
4380    0.001965
4381    0.000523
4382    0
4383    0
4384    0.001284
4385    0
4386    0
4387    0.001199
4388    0.000662
4389    0.001561
4390    0.00289
4391    0
4392    0.001147
4393    0.001174
4394    0.002454
4395    0.005415
4396    0
4397    0.002109
4398    0
4399    0
4400    0.00419
4401    0.001248
4402    0.000709
4403    0.001937
4404    0
4405    0.001331
4406    0.001181
4407    0
4408    0
4409    0.002086
4410    0.003156
4411    0
4412    0.00586
4413    0
4414    0
4415    0.002357
4416    0
4417    0
4418    0.000501
4419    0.000885
4420    0.002137
4421    0.002852
4422    0
4423    0.001161
4424    0.000536
4425    0
4426    0
4427    0.001325
4428    0.073741
4429    0.013706
4430    0.002515
4431    0
4432    0
4433    0.000502
4434    0.000997
4435    0.001581
4436    0.002212
4437    0
4438    0
4439    0.000633
4440    0
4441    0
4442    0.001184
4443    0
4444    0
4445    0.001132
4446    0
4447    0
4448    0.002173
4449    0
4450    0.002204
4451    0.00053
4452    0
4453    0
4454    0.000602
4455    0
4456    0
4457    0.00053
4458    0
4459    0.001194
4460    0.000561
4461    0.000462
4462    0
4463    0.001804
4464    0
4465    0.001251
4466    0.000504
4467    0
4468    0
4469    0.001113
4470    0.000807
4471    0.000477
4472    0.000732
4473    0
4474    0
4475    0.000512
4476    0.088014
4477    0.23443
4478    0.1111
4479    0.265675
4480    0.023706
4481    0
4482    0.000484
4483    0
4484    0.001254
4485    0
4486    0.001927
4487    0.000505
4488    0.043817
4489    0.022955
4490    0.000592
4491    0.003186
4492    0.002123
4493    0.001808
4494    0.002688
4495    0.001514
4496    0.002601
4497    0.00478
4498    0
4499    0
4500    0.001723
4501    0.002454
4502    0.000669
4503    0.001819
4504    0.000643
4505    0.000654
4506    0.000601
4507    0.002369
4508    0
4509    0.000678
4510    0
4511    0.000645
4512    0.002051
4513    0
4514    0.000626
4515    0.000533
4516    0
4517    0.000724
4518    0.002547
4519    0
4520    0
4521    0.001654
4522    0
4523    0.001757
4524    0.001705
4525    0.000881
4526    0
4527    0.002524
4528    0.002104
4529    0
4530    0.000545
4531    0.000631
4532    0.001284
4533    0.00064
4534    0.001782
4535    0.000463
4536    0
4537    0.001182
4538    0.001139
4539    0.00108
4540    0.001096
4541    0
4542    0.001266
4543    0.001252
4544    0.000477
4545    0.000626
4546    0.00163
4547    0.001725
4548    0.000453
4549    0.000604
4550    0.001559
4551    0.000604
4552    0.000594
4553    0
4554    0.000496
4555    0
4556    0
4557    0.002465
4558    0.000946
4559    0
4560    0
4561    0.001209
4562    0
4563    0
4564    0.001285
4565    0.001075
4566    0.000629
4567    0
4568    0.001568
4569    0.001357
4570    0
4571    0.000572
4572    0
4573    0
4574    0.000954
4575    0.000557
4576    0
4577    0.000601
4578    0.000498
4579    0
4580    0
4581    0.000639
4582    0
4583    0
4584    0.002123
4585    0
4586    0.000656
4587    0.000529
4588    0
4589    0.00219
4590    0
4591    0.001156
4592    0
4593    0
4594    0.000552
4595    0.00056
4596    0
4597    0.001095
4598    0
4599    0.000588
4600    0
4601    0
4602    0.001041
4603    0.000555
4604    0
4605    0.001578
4606    0.000621
4607    0.001407
4608    0.002377
4609    0.000598
4610    0.000639
4611    0.00126
4612    0.00065
4613    0.001984
4614    0.001248
4615    0.001303
4616    0.000586
4617    0.001785
4618    0.000588
4619    0
4620    0.00072
4621    0.001804
4622    0
4623    0.001869
4624    0.002437
4625    0
4626    0.001876
4627    0.001287
4628    0.003103
4629    0.000628
4630    0.00133
4631    0
4632    0.003017
4633    0.001436
4634    0
4635    0.001415
4636    0.001835
4637    0
4638    0.00059
4639    0.001178
4640    0.001211
4641    0.00163
4642    0.00112
4643    0.000965
4644    0.00207
4645    0
4646    0.000621
4647    0.001147
4648    0.000606
4649    0.001222
4650    0.000615
4651    0.000563
4652    0.00059
4653    0.001884
4654    0.000598
4655    0.000591
4656    0.000708
4657    0.001486
4658    0.002135
4659    0.001966
4660    0.002562
4661    0.000568
4662    0.000587
4663    0.01041
4664    0.034608
4665    0.002158
4666    0.000647
4667    0.002449
4668    0
4669    0
4670    0.00054
4671    0
4672    0.001539
4673    0.000577
4674    0.000553
4675    0
4676    0
4677    0
4678    0
4679    0.001723
4680    0.001079
4681    0
4682    0.000646
4683    0.001268
4684    0
4685    0.002277
4686    0
4687    0.001133
4688    0.001207
4689    0
4690    0.000906
4691    0.001353
4692    0
4693    0
4694    0.002243
4695    0.001134
4696    0.001212
4697    0.000718
4698    0.001147
4699    0
4700    0.002917
4701    0.031118
4702    0.001069
4703    0.001235
4704    0
4705    0.002424
4706    0.000581
4707    0
4708    0.001652
4709    0.002955
4710    0.000556
4711    0
4712    0.000596
4713    0.000568
4714    0.001516
4715    0
4716    0.001146
4717    0
4718    0.000957
4719    0.000553
4720    0
4721    0.002113
4722    0
4723    0
4724    0.001153
4725    0
4726    0.002322
4727    0.001824
4728    0
4729    0.000594
4730    0
4731    0
4732    0.000561
4733    0
4734    0.001167
4735    0
4736    0
4737    0.000825
4738    0
4739    0.001279
4740    0
4741    0.000752
4742    0
4743    0.000526
4744    0.000557
4745    0.001062
4746    0.000589
4747    0
4748    0.000604
4749    0.000598
4750    0.000553
4751    0
4752    0
4753    0
4754    0.000583
4755    0.001301
4756    0
4757    0.001067
4758    0.002153
4759    0.032862
4760    0.246352
4761    0.050292
4762    0.000552
4763    0
4764    0
4765    0.001139
4766    0
4767    0.000552
4768    0.000566
4769    0
4770    0
4771    0.001754
4772    0
4773    0.002877
4774    0
4775    0
4776    0.001161
4777    0
4778    0
4779    0.003181
4780    0.000864
4781    0.003164
4782    0.022762
4783    0.000588
4784    0.001528
4785    0.000591
4786    0
4787    0.003048
4788    0.00057
4789    0.00289
4790    0
4791    0.00114
4792    0.00161
4793    0
4794    0.00305
4795    0
4796    0
4797    0.001281
4798    0
4799    0.001595
4800    0
4801    0
4802    0
4803    0.000553
4804    0
4805    0
4806    0.001148
4807    0
4808    0
4809    0.001115
4810    0
4811    0
4812    0.001291
4813    0
4814    0
4815    0.003409
4816    0
4817    0
4818    0
4819    0
4820    0
4821    0.000877
4822    0.000553
4823    0
4824    0
4825    0
4826    0.001272
4827    0.000568
4828    0
4829    0
4830    0
4831    0
4832    0.000578
4833    0.000552
4834    0
4835    0.000623
4836    0
4837    0
4838    0
4839    0
4840    0.000571
4841    0
4842    0
4843    0.001689
4844    0
4845    0
4846    0.001384
4847    0
4848    0
4849    0
4850    0
4851    0
4852    0
4853    0.001967
4854    0
4855    0.00105
4856    0
4857    0
4858    0
4859    0
4860    0.002088
4861    0
4862    0
4863    0
4864    0.000569
4865    0
4866    0
4867    0.000563
4868    0
4869    0
4870    0
4871    0
4872    0
4873    0
4874    0.000563
4875    0.001056
4876    0.000566
4877    0
4878    0
4879    0.001095
4880    0
4881    0.001661
4882    0
4883    0.000637
4884    0
4885    0
4886    0
4887    0
4888    0.001149
4889    0
4890    0.001084
4891    0.001148
4892    0
4893    0
4894    0
4895    0.000552
4896    0.00107
4897    0
4898    0
4899    0.001118
4900    0.000617
4901    0
4902    0
4903    0.000586
4904    0.001219
4905    0
4906    0
4907    0
4908    0.001098
4909    0
4910    0
4911    0.000552
4912    0.000611
4913    0
4914    0
4915    0
4916    0
4917    0
4918    0
4919    0.002734
4920    0
4921    0.003987
4922    0
4923    0.001465
4924    0.001042
4925    0
4926    0
4927    0.001115
4928    0
4929    0
4930    0.001087
4931    0.000596
4932    0
4933    0
4934    0.001293
4935    0.000637
4936    0
4937    0.000524
4938    0
4939    0
4940    0.000526
4941    0
4942    0
4943    0.002016
4944    0
4945    0
4946    0.000525
4947    0.001217
4948    0.000492
4949    0
4950    0
4951    0.001107
4952    0.001352
4953    0.00059
4954    0
4955    0
4956    0.000499
4957    0
4958    0.000504
4959    0.000553
4960    0.001147
4961    0
4962    0
4963    0.000531
4964    0
4965    0.00135
4966    0
4967    0.001263
4968    0.000673
4969    0.000508
4970    0.001262
4971    0.00104
4972    0
4973    0.001587
4974    0
4975    0.003606
4976    0.001001
4977    0.000503
4978    0.001863
4979    0
4980    0.000498
4981    0.001514
4982    0.001561
4983    0.120261
4984    0.020011
4985    0.003528
4986    0.001248
4987    0.000734
4988    0.000554
4989    0
4990    0
4991    0.000552
4992    0.001578
4993    0
4994    0.001637
4995    0.001266
4996    0.001662
4997    0.000551
4998    0.001088
4999    0.00109
5000    0.001916
