3601    0.135955
3602    0.069389
3603    0.100469
3604    0.091532
3605    0.116671
3606    0.060883
3607    0.02773
3608    0.000495
3609    0.002511
3610    0.001784
3611    0.00022
3612    0.000797
3613    0.001263
3614    0.000516
3615    0.000785
3616    0.001072
3617    0.000558
3618    0.000512
3619    0.002047
3620    0.002758
3621    0.002006
3622    0.001817
3623    0.001085
3624    0.001213
3625    0.001545
3626    0.001258
3627    0.001934
3628    0.000443
3629    0.000978
3630    0.000708
3631    0.000712
3632    0.000705
3633    0.003555
3634    0.000506
3635    0.001836
3636    0.001142
3637    0.000224
3638    0.000592
3639    0.000839
3640    0.029554
3641    0.040931
3642    0
3643    0.001179
3644    0.001285
3645    0.000986
3646    0.000273
3647    0.000318
3648    0.03173
3649    0.026579
3650    0.00134
3651    0.000272
3652    0.001085
3653    0.000274
3654    0.001237
3655    0.000272
3656    0.000532
3657    0.00027
3658    0.000853
3659    0.000578
3660    0.000565
3661    0.000282
3662    0.000856
3663    0.000373
3664    0.000576
3665    0.000272
3666    0.000719
3667    0.000273
3668    0.000718
3669    0.000342
3670    0.001506
3671    0.000428
3672    0.002007
3673    0.000544
3674    0.001077
3675    0.421332
3676    0.180385
3677    0.078768
3678    0.041913
3679    0.017246
3680    0.002675
3681    0.004532
3682    0.002817
3683    0.005308
3684    0.00146
3685    0.00335
3686    0.002152
3687    0.003081
3688    0.001633
3689    0.002088
3690    0.003418
3691    0.001026
3692    0.000603
3693    0.003269
3694    0.003661
3695    0.000773
3696    0.000516
3697    0.001189
3698    0.001165
3699    0.000496
3700    0.000264
3701    0.000228
3702    0.002268
3703    0.00169
3704    0.001038
3705    0.001266
3706    0.000813
3707    0.000864
3708    0.001859
3709    0.000524
3710    0.001083
3711    0.003126
3712    0.00178
3713    0.000725
3714    0.000796
3715    0.000785
3716    0.001911
3717    0.001468
3718    0.000533
3719    0.002191
3720    0
3721    0.001144
3722    0.001151
3723    0.001147
3724    0.000554
3725    0.001104
3726    0.001481
3727    0.000817
3728    0.001082
3729    0.000806
3730    0.001875
3731    0.001913
3732    0.002377
3733    0.002596
3734    0.002278
3735    0.001475
3736    0.008909
3737    0.001326
3738    0.001382
3739    0.000736
3740    0.001489
3741    0.00251
3742    0.001621
3743    0.001273
3744    0.001293
3745    0.001745
3746    0.002009
3747    0.020563
3748    0.003197
3749    0.003388
3750    0.003665
3751    0.006172
3752    0.00125
3753    0.001402
3754    0.002388
3755    0.001876
3756    0.002245
3757    0.002384
3758    0.001936
3759    0.001746
3760    0.002319
3761    0.006984
3762    0.001664
3763    0.002862
3764    0.00139
3765    0.002224
3766    0.002111
3767    0.00175
3768    0.013502
3769    0.002847
3770    0.017911
3771    0.09773
3772    0.167978
3773    0.079509
3774    0.042856
3775    0.010094
3776    0.001938
3777    0.005638
3778    0.00208
3779    0.003998
3780    0.032616
3781    0.110617
3782    0.037581
3783    0.019224
3784    0.003641
3785    0.002785
3786    0.001577
3787    0.008794
3788    0.000223
3789    0.000984
3790    0.001708
3791    0.003997
3792    0.001302
3793    0.001786
3794    0.008402
3795    0.00027
3796    0.000911
3797    0.000194
3798    0.001556
3799    0.000471
3800    0.000195
3801    0
3802    0.000973
3803    0.034282
3804    0.000261
3805    0.000553
3806    0.000399
3807    0.000542
3808    0.000281
3809    0.000534
3810    0.000284
3811    0.000848
3812    0.000261
3813    0.000551
3814    0
3815    0.000276
3816    0.001466
3817    0
3818    0
3819    0.000561
3820    0.002006
3821    0
3822    0
3823    0.000302
3824    0.000298
3825    0
3826    0
3827    0.000815
3828    0.019142
3829    0.017034
3830    0
3831    0.000297
3832    0
3833    0
3834    0
3835    0.000308
3836    0
3837    0
3838    0
3839    0.000272
3840    0.001031
3841    0
3842    0
3843    0.000295
3844    0
3845    0
3846    0
3847    0.000275
3848    0
3849    0.000224
3850    0.000266
3851    0.036831
3852    0.023691
3853    0.000422
3854    0.000419
3855    0
3856    0
3857    0.000545
3858    0
3859    0
3860    0.000428
3861    0.00027
3862    0
3863    0.0003
3864    0
3865    0.000271
3866    0.00037
3867    0
3868    0
3869    0.001908
3870    0
3871    0
3872    0.000282
3873    0.053643
3874    0.071829
3875    0.056136
3876    0.01823
3877    0.000194
3878    0.000219
3879    0.001355
3880    0.00075
3881    0
3882    0.00026
3883    0.001324
3884    0.000223
3885    0.001624
3886    0.00091
3887    0.000911
3888    0.00218
3889    0.000549
3890    0.000506
3891    0.000502
3892    0.0005
3893    0.000507
3894    0.000496
3895    0.001018
3896    0.001701
3897    0.111191
3898    0.058989
3899    0
3900    0
3901    0
3902    0.001072
3903    0.000801
3904    0.002255
3905    0.00093
3906    0.001886
3907    0.0015
3908    0.014381
3909    0.07612
3910    0.069428
3911    0.055953
3912    0.023213
3913    0.00066
3914    0.000702
3915    0.000553
3916    0.004636
3917    0.001049
3918    0.001287
3919    0.002707
3920    0.004134
3921    0.001252
3922    0.000878
3923    0.002655
3924    0.002004
3925    0.00154
3926    0.001843
3927    0.00133
3928    0.001376
3929    0.002479
3930    0.000887
3931    0.001341
3932    0.000843
3933    0.000872
3934    0.000432
3935    0
3936    0.001484
3937    0
3938    0
3939    0.001774
3940    0.000517
3941    0.004368
3942    0.000221
3943    0
3944    0.000306
3945    0
3946    0.001189
3947    0.001624
3948    0.001016
3949    0.000872
3950    0.000564
3951    0.000633
3952    0.000469
3953    0.000608
3954    0.000776
3955    0.001285
3956    0.001296
3957    0.001669
3958    0.002067
3959    0.001844
3960    0.00167
3961    0.002592
3962    0.000781
3963    0.002071
3964    0.000655
3965    0.002555
3966    0.003838
3967    0.000276
3968    0
3969    0
3970    0.000289
3971    0.000305
3972    0.000393
3973    0
3974    0.000249
3975    0.00024
3976    0.001298
3977    0.00022
3978    0.00022
3979    0
3980    0
3981    0.000846
3982    0.001624
3983    0
3984    0.001525
3985    0.001643
3986    0.000969
3987    0.000907
3988    0.000702
3989    0.000873
3990    0.001058
3991    0.000661
3992    0.002952
3993    0.000863
3994    0.001412
3995    0.000941
3996    0.000808
3997    0.000677
3998    0.040209
3999    0.136424
4000    0.052251
4001    0.001047
4002    0.001307
4003    0.00214
4004    0.003042
4005    0.001126
4006    0.001076
4007    0.001781
4008    0.000637
4009    0.00093
4010    0.002766
4011    0.011576
4012    0.001033
4013    0.001377
4014    0.001514
4015    0.000476
4016    0.000534
4017    0.001672
4018    0.001552
4019    0.00082
4020    0.000521
4021    0.001421
4022    0.112236
4023    0.042471
4024    0.001679
4025    0.001508
4026    0.000762
4027    0.006021
4028    0.001962
4029    0.000433
4030    0.000456
4031    0.000443
4032    0.000471
4033    0.000681
4034    0.00136
4035    0.00043
4036    0.002918
4037    0.001035
4038    0.00083
4039    0.001419
4040    0.001653
4041    0.001808
4042    0.001723
4043    0.001426
4044    0.001202
4045    0.001863
4046    0.003694
4047    0.025351
4048    0.085117
4049    0.011041
4050    0.001833
4051    0.002716
4052    0.001491
4053    0.000843
4054    0.000594
4055    0.001085
4056    0.001338
4057    0.000781
4058    0.000278
4059    0.000495
4060    0.000536
4061    0.000629
4062    0.000829
4063    0
4064    0.002218
4065    0.000793
4066    0.000953
4067    0.000572
4068    0.020799
4069    0.020294
4070    0.000509
4071    0.001552
4072    0.000462
4073    0.000836
4074    0.000438
4075    0.001859
4076    0.000441
4077    0.000717
4078    0.000703
4079    0.001666
4080    0.001062
4081    0.000658
4082    0.000771
4083    0.000917
4084    0.000653
4085    0.000996
4086    0.00053
4087    0.011383
4088    0.057175
4089    0.033952
4090    0.023244
4091    0.000874
4092    0.001383
4093    0.000843
4094    0.001868
4095    0.001497
4096    0.0007
4097    0.001146
4098    0.00098
4099    0.001286
4100    0.001312
4101    0.001772
4102    0.40581
4103    0.202816
4104    0.087496
4105    0.012649
4106    0.003628
4107    0.003421
4108    0.001672
4109    0.001145
4110    0.00166
4111    0.001897
4112    0.001583
4113    0.001065
4114    0.001463
4115    0.001182
4116    0.001306
4117    0.001254
4118    0.003408
4119    0.004331
4120    0.001746
4121    0.00178
4122    0.002631
4123    0.001874
4124    0.006515
4125    0.001292
4126    0.002674
4127    0.002307
4128    0.003477
4129    0.002795
4130    0.003532
4131    0.001832
4132    0.004154
4133    0.003879
4134    0.003808
4135    0.005264
4136    0.004546
4137    0.005406
4138    0.006757
4139    0.005526
4140    0.004956
4141    0.021436
4142    0.007085
4143    0.007257
4144    0.001685
4145    0.001802
4146    0.001631
4147    0.001188
4148    0.001556
4149    0.002287
4150    0.002787
4151    0.001531
4152    0.003318
4153    0.001873
4154    0.003111
4155    0.017653
4156    0.001955
4157    0.001565
4158    0.000953
4159    0.002915
4160    0.002403
4161    0.002959
4162    0.000903
4163    0.000644
4164    0.002236
4165    0.000558
4166    0.003192
4167    0.001621
4168    0.001563
4169    0.003431
4170    0.002591
4171    0.002498
4172    0.04581
4173    0.000851
4174    0.002182
4175    0.002308
4176    0.002677
4177    0.002107
4178    0.001091
4179    0.000267
4180    0.000843
4181    0.001291
4182    0.000579
4183    0.000989
4184    0.00058
4185    0.00113
4186    0.00172
4187    0.001123
4188    0.001729
4189    0.002803
4190    0.126179
4191    0.032809
4192    0.023694
4193    0.000596
4194    0.000308
4195    0.000448
4196    0.032046
4197    0.023884
4198    0.000374
4199    0
4200    0.001134
4201    0.00081
4202    0.001667
4203    0.060916
4204    0.026256
4205    0.003781
4206    0.001314
4207    0.001582
4208    0.040418
4209    0.104541
4210    0.015993
4211    0.003609
4212    0.000606
4213    0.001761
4214    0.002464
4215    0.001974
4216    0.001534
4217    0.003597
4218    0.002393
4219    0.001388
4220    0.003953
4221    0.001054
4222    0.001754
4223    0.001306
4224    0.001233
4225    0.001992
4226    0.002094
4227    0.01658
4228    0.001394
4229    0.000687
4230    0.000694
4231    0.000873
4232    0.002105
4233    0.001113
4234    0.000344
4235    0.001263
4236    0.000513
4237    0.001013
4238    0.000741
4239    0.001439
4240    0.002158
4241    0.002003
4242    0.001668
4243    0.000524
4244    0.001777
4245    0.001322
4246    0.002268
4247    0.001181
4248    0.001155
4249    0.000762
4250    0.001415
4251    0.000571
4252    0.000888
4253    0.00072
4254    0.00176
4255    0.000759
4256    0.002327
4257    0.00199
4258    0.001939
4259    0.0027
4260    0.00026
4261    0.000511
4262    0.004901
4263    0.001543
4264    0.002368
4265    0.001375
4266    0.00081
4267    0.00026
4268    0.000822
4269    0.00044
4270    0.00193
4271    0.000633
4272    0.001189
4273    0.000259
4274    0.000835
4275    0.000565
4276    0.001681
4277    0.000564
4278    0.002257
4279    0.000549
4280    0.000848
4281    0.001251
4282    0.000531
4283    0.000302
4284    0.000545
4285    0.000774
4286    0.005161
4287    0.000666
4288    0.001878
4289    0
4290    0.000899
4291    0.001224
4292    0.001301
4293    0.001256
4294    0.000345
4295    0.000254
4296    0.000794
4297    0
4298    0
4299    0.001084
4300    0.002163
4301    0.022244
4302    0.00295
4303    0.000283
4304    0.000985
4305    0.000405
4306    0.107902
4307    0.033033
4308    0.003227
4309    0.001388
4310    0.000688
4311    0.000682
4312    0.001262
4313    0.00104
4314    0.001404
4315    0.001695
4316    0.004793
4317    0.046129
4318    0.001918
4319    0
4320    0
4321    0.001239
4322    0
4323    0.000315
4324    0.000275
4325    0.000514
4326    0.013271
4327    0
4328    0.000319
4329    0
4330    0.00062
4331    0.000255
4332    0.001776
4333    0.000396
4334    0.001454
4335    0
4336    0.000544
4337    0.000395
4338    0.000918
4339    0.001891
4340    0.000225
4341    0.000586
4342    0.000786
4343    0.000517
4344    0.000336
4345    0.000748
4346    0.000507
4347    0.001412
4348    0.000307
4349    0.002328
4350    0
4351    0.000779
4352    0.001897
4353    0
4354    0.000271
4355    0.001438
4356    0
4357    0.002865
4358    0
4359    0.001517
4360    0.000932
4361    0
4362    0.000344
4363    0.000932
4364    0.000732
4365    0.001265
4366    0.000274
4367    0.001043
4368    0.000418
4369    0.000849
4370    0.001546
4371    0.000267
4372    0.001768
4373    0
4374    0
4375    0.000755
4376    0
4377    0.000697
4378    0.000619
4379    0.000639
4380    0.001406
4381    0.00028
4382    0
4383    0
4384    0.000792
4385    0
4386    0
4387    0.000734
4388    0.000395
4389    0.001095
4390    0.001951
4391    0
4392    0.000915
4393    0.000664
4394    0.001027
4395    0.00319
4396    0
4397    0.001163
4398    0
4399    0
4400    0.003338
4401    0.00099
4402    0.000466
4403    0.001433
4404    0
4405    0.001085
4406    0.00067
4407    0
4408    0
4409    0.001528
4410    0.002368
4411    0
4412    0.004273
4413    0
4414    0
4415    0.001574
4416    0
4417    0
4418    0.000271
4419    0.000495
4420    0.001483
4421    0.002199
4422    0
4423    0.00079
4424    0.000273
4425    0
4426    0
4427    0.000777
4428    0.054557
4429    0.008922
4430    0.001889
4431    0
4432    0
4433    0.000271
4434    0.000499
4435    0.001292
4436    0.001497
4437    0
4438    0
4439    0.000277
4440    0
4441    0
4442    0.000537
4443    0
4444    0
4445    0.000635
4446    0
4447    0
4448    0.001665
4449    0
4450    0.001675
4451    0.000273
4452    0
4453    0
4454    0.000312
4455    0
4456    0
4457    0.000273
4458    0
4459    0.000951
4460    0.000295
4461    0.000231
4462    0
4463    0.000938
4464    0
4465    0.000698
4466    0.000271
4467    0
4468    0
4469    0.000555
4470    0.000395
4471    0.000225
4472    0.000468
4473    0
4474    0
4475    0.000273
4476    0.064297
4477    0.167843
4478    0.086799
4479    0.200906
4480    0.015017
4481    0
4482    0.000243
4483    0
4484    0.000783
4485    0
4486    0.001454
4487    0.000269
4488    0.028238
4489    0.01758
4490    0.000357
4491    0.002328
4492    0.001652
4493    0.001501
4494    0.002001
4495    0.001265
4496    0.001865
4497    0.003593
4498    0
4499    0
4500    0.000924
4501    0.001953
4502    0.000407
4503    0.001272
4504    0.000397
4505    0.000419
4506    0.000294
4507    0.00166
4508    0
4509    0.000304
4510    0
4511    0.000409
4512    0.001186
4513    0
4514    0.000393
4515    0.000293
4516    0
4517    0.000473
4518    0.001593
4519    0
4520    0
4521    0.000976
4522    0
4523    0.001118
4524    0.000963
4525    0.000569
4526    0
4527    0.00181
4528    0.00155
4529    0
4530    0.000312
4531    0.000393
4532    0.000654
4533    0.000395
4534    0.001242
4535    0.000233
4536    0
4537    0.000935
4538    0.000638
4539    0.000582
4540    0.000592
4541    0
4542    0.000982
4543    0.000728
4544    0.000227
4545    0.000392
4546    0.00116
4547    0.001221
4548    0.000224
4549    0.000344
4550    0.001072
4551    0.000342
4552    0.000342
4553    0
4554    0.000225
4555    0
4556    0
4557    0.001706
4558    0.000686
4559    0
4560    0
4561    0.000833
4562    0
4563    0
4564    0.00105
4565    0.000572
4566    0.000365
4567    0
4568    0.001065
4569    0.000919
4570    0
4571    0.00032
4572    0
4573    0
4574    0.0007
4575    0.000323
4576    0
4577    0.000358
4578    0.000265
4579    0
4580    0
4581    0.000333
4582    0
4583    0
4584    0.001469
4585    0
4586    0.000395
4587    0.000294
4588    0
4589    0.00105
4590    0
4591    0.000661
4592    0
4593    0
4594    0.000319
4595    0.000319
4596    0
4597    0.00086
4598    0
4599    0.000323
4600    0
4601    0
4602    0.000512
4603    0.00032
4604    0
4605    0.00084
4606    0.000357
4607    0.000872
4608    0.001543
4609    0.000358
4610    0.000381
4611    0.000693
4612    0.000415
4613    0.001221
4614    0.000723
4615    0.000683
4616    0.00034
4617    0.001065
4618    0.000355
4619    0
4620    0.000474
4621    0.00134
4622    0
4623    0.00122
4624    0.001933
4625    0
4626    0.001388
4627    0.001048
4628    0.001978
4629    0.000392
4630    0.001097
4631    0
4632    0.00229
4633    0.001196
4634    0
4635    0.000717
4636    0.00107
4637    0
4638    0.000342
4639    0.000895
4640    0.000595
4641    0.00078
4642    0.000879
4643    0.000728
4644    0.001045
4645    0
4646    0.000379
4647    0.000666
4648    0.000341
4649    0.000694
4650    0.000381
4651    0.000318
4652    0.000358
4653    0.00144
4654    0.000358
4655    0.000357
4656    0.000395
4657    0.001019
4658    0.001603
4659    0.001502
4660    0.001641
4661    0.000337
4662    0.000345
4663    0.009522
4664    0.023019
4665    0.001438
4666    0.000411
4667    0.001623
4668    0
4669    0
4670    0.000271
4671    0
4672    0.001264
4673    0.000318
4674    0.000321
4675    0
4676    0
4677    0
4678    0
4679    0.000986
4680    0.000807
4681    0
4682    0.00041
4683    0.000995
4684    0
4685    0.001547
4686    0
4687    0.000851
4688    0.000711
4689    0
4690    0.00053
4691    0.000886
4692    0
4693    0
4694    0.001637
4695    0.000638
4696    0.000872
4697    0.000455
4698    0.000718
4699    0
4700    0.002138
4701    0.020561
4702    0.000814
4703    0.000743
4704    0
4705    0.001312
4706    0.00034
4707    0
4708    0.001157
4709    0.002104
4710    0.000319
4711    0
4712    0.000362
4713    0.000336
4714    0.001273
4715    0
4716    0.000673
4717    0
4718    0.000711
4719    0.000319
4720    0
4721    0.001628
4722    0
4723    0
4724    0.00064
4725    0
4726    0.00184
4727    0.001354
4728    0
4729    0.00034
4730    0
4731    0
4732    0.000322
4733    0
4734    0.000663
4735    0
4736    0
4737    0.000355
4738    0
4739    0.000695
4740    0
4741    0.000517
4742    0
4743    0.00027
4744    0.00032
4745    0.000586
4746    0.000321
4747    0
4748    0.000352
4749    0.000327
4750    0.000319
4751    0
4752    0
4753    0
4754    0.000319
4755    0.000753
4756    0
4757    0.000832
4758    0.001629
4759    0.023218
4760    0.173154
4761    0.027702
4762    0.000319
4763    0
4764    0
4765    0.000647
4766    0
4767    0.000318
4768    0.000319
4769    0
4770    0
4771    0.001016
4772    0
4773    0.001607
4774    0
4775    0
4776    0.000603
4777    0
4778    0
4779    0.002458
4780    0.000519
4781    0.002421
4782    0.016354
4783    0.000318
4784    0.001288
4785    0.000345
4786    0
4787    0.002283
4788    0.000334
4789    0.002377
4790    0
4791    0.000666
4792    0.001295
4793    0
4794    0.002794
4795    0
4796    0
4797    0.000523
4798    0
4799    0.000858
4800    0
4801    0
4802    0
4803    0.000321
4804    0
4805    0
4806    0.000678
4807    0
4808    0
4809    0.000627
4810    0
4811    0
4812    0.001049
4813    0
4814    0
4815    0.002616
4816    0
4817    0
4818    0
4819    0
4820    0
4821    0.000445
4822    0.000318
4823    0
4824    0
4825    0
4826    0.001011
4827    0.000319
4828    0
4829    0
4830    0
4831    0
4832    0.000316
4833    0.000318
4834    0
4835    0.000352
4836    0
4837    0
4838    0
4839    0
4840    0.000322
4841    0
4842    0
4843    0.000759
4844    0
4845    0
4846    0.000695
4847    0
4848    0
4849    0
4850    0
4851    0
4852    0
4853    0.001518
4854    0
4855    0.000809
4856    0
4857    0
4858    0
4859    0
4860    0.001376
4861    0
4862    0
4863    0
4864    0.000319
4865    0
4866    0
4867    0.000324
4868    0
4869    0
4870    0
4871    0
4872    0
4873    0
4874    0.00032
4875    0.000817
4876    0.000321
4877    0
4878    0
4879    0.000842
4880    0
4881    0.000774
4882    0
4883    0.000395
4884    0
4885    0
4886    0
4887    0
4888    0.000625
4889    0
4890    0.000821
4891    0.000843
4892    0
4893    0
4894    0
4895    0.000319
4896    0.000829
4897    0
4898    0
4899    0.000872
4900    0.000374
4901    0
4902    0
4903    0.000351
4904    0.000851
4905    0
4906    0
4907    0
4908    0.00085
4909    0
4910    0
4911    0.00032
4912    0.00032
4913    0
4914    0
4915    0
4916    0
4917    0
4918    0
4919    0.001946
4920    0
4921    0.003542
4922    0
4923    0.000587
4924    0.000807
4925    0
4926    0
4927    0.000617
4928    0
4929    0
4930    0.000821
4931    0.000334
4932    0
4933    0
4934    0.000607
4935    0.000332
4936    0
4937    0.000282
4938    0
4939    0
4940    0.000258
4941    0
4942    0
4943    0.001216
4944    0
4945    0
4946    0.000271
4947    0.000723
4948    0.000258
4949    0
4950    0
4951    0.000595
4952    0.00112
4953    0.0003
4954    0
4955    0
4956    0.00026
4957    0
4958    0.000261
4959    0.000319
4960    0.000643
4961    0
4962    0
4963    0.000258
4964    0
4965    0.000834
4966    0
4967    0.000728
4968    0.000347
4969    0.000266
4970    0.001004
4971    0.000578
4972    0
4973    0.000838
4974    0
4975    0.002558
4976    0.00056
4977    0.000272
4978    0.001389
4979    0
4980    0.000254
4981    0.001216
4982    0.000858
4983    0.091766
4984    0.01323
4985    0.002541
4986    0.001005
4987    0.000376
4988    0.000315
4989    0
4990    0
4991    0.000317
4992    0.00076
4993    0
4994    0.001154
4995    0.000877
4996    0.000757
4997    0.000317
4998    0.00083
4999    0.000845
5000    0.001369
