3601    0.158914
3602    0.160517
3603    0.159936
3604    0.169412
3605    0.16944
3606    0.171531
3607    0.171698
3608    0.172665
3609    0.193472
3610    0.200781
3611    0.222752
3612    0.177226
3613    0.175135
3614    0.16966
3615    0.172033
3616    0.173001
3617    0.197734
3618    0.195341
3619    0.202663
3620    0.201416
3621    0.176132
3622    0.169512
3623    0.169824
3624    0.197127
3625    0.172805
3626    0.173272
3627    0.199377
3628    0.217006
3629    0.196634
3630    0.17487
3631    0.170186
3632    0.173152
3633    0.323787
3634    0.171846
3635    0.170502
3636    0.169339
3637    0.172159
3638    0.181562
3639    0.208299
3640    0.199582
3641    0.190271
3642    0.17016
3643    0.167683
3644    0.167846
3645    0.168957
3646    0.175587
3647    0.187338
3648    0.195284
3649    0.19959
3650    0.193829
3651    0.169223
3652    0.170494
3653    0.171147
3654    0.17501
3655    0.172771
3656    0.177068
3657    0.19521
3658    0.194593
3659    0.175885
3660    0.16858
3661    0.168085
3662    0.172983
3663    0.172708
3664    0.177238
3665    0.19645
3666    0.199034
3667    0.176665
3668    0.170487
3669    0.167549
3670    0.167679
3671    0.200166
3672    0.184407
3673    0.191933
3674    0.205361
3675    0.183499
3676    0.186174
3677    0.180189
3678    0.176511
3679    0.177183
3680    0.186566
3681    0.204786
3682    0.210712
3683    0.208752
3684    0.183092
3685    0.175072
3686    0.17774
3687    0.179951
3688    0.179907
3689    0.181198
3690    0.187339
3691    0.180865
3692    0.198673
3693    0.204981
3694    0.233546
3695    0.182566
3696    0.181542
3697    0.185111
3698    0.181944
3699    0.18059
3700    0.190893
3701    0.18481
3702    0.179647
3703    0.176823
3704    0.180712
3705    0.18358
3706    0.182353
3707    0.185423
3708    0.203693
3709    0.196307
3710    0.182987
3711    0.175066
3712    0.178874
3713    0.185148
3714    0.186939
3715    0.181973
3716    0.181002
3717    0.200167
3718    0.195685
3719    0.185575
3720    0.178146
3721    0.188265
3722    0.179121
3723    0.183705
3724    0.186064
3725    0.207218
3726    0.197856
3727    0.17597
3728    0.175447
3729    0.178406
3730    0.178927
3731    0.178741
3732    0.185464
3733    0.212943
3734    0.208306
3735    0.189544
3736    0.173233
3737    0.173732
3738    0.175376
3739    0.182072
3740    0.181538
3741    0.206668
3742    0.207707
3743    0.179186
3744    0.173737
3745    0.17665
3746    0.174909
3747    0.177495
3748    0.187372
3749    0.203164
3750    0.205069
3751    0.18623
3752    0.175737
3753    0.169598
3754    0.17246
3755    0.175907
3756    0.174899
3757    0.199245
3758    0.208101
3759    0.183768
3760    0.206271
3761    0.213965
3762    0.17903
3763    0.182541
3764    0.174935
3765    0.174508
3766    0.170742
3767    0.181735
3768    0.191723
3769    0.196047
3770    0.171255
3771    0.178516
3772    0.200341
3773    0.190973
3774    0.173135
3775    0.175771
3776    0.179289
3777    0.175175
3778    0.174513
3779    0.186239
3780    0.191412
3781    0.173996
3782    0.199063
3783    0.205116
3784    0.178008
3785    0.17572
3786    0.173855
3787    0.171422
3788    0.169576
3789    0.19126
3790    0.206629
3791    0.199464
3792    0.177048
3793    0.176986
3794    0.172781
3795    0.168536
3796    0.168401
3797    0.192896
3798    0.193825
3799    0.170833
3800    0.17224
3801    0.188916
3802    0.194447
3803    0.19948
3804    0.177164
3805    0.17754
3806    0.177614
3807    0.169244
3808    0.169591
3809    0.184541
3810    0.190652
3811    0.194419
3812    0.173993
3813    0.171818
3814    0.17942
3815    0.172836
3816    0.184726
3817    0.170702
3818    0.171421
3819    0.203734
3820    0.198948
3821    0.206298
3822    0.201599
3823    0.169062
3824    0.170513
3825    0.172219
3826    0.170569
3827    0.19486
3828    0.197988
3829    0.200577
3830    0.175399
3831    0.17452
3832    0.174275
3833    0.171728
3834    0.171151
3835    0.195625
3836    0.196324
3837    0.178326
3838    0.170597
3839    0.175827
3840    0.181969
3841    0.172564
3842    0.18694
3843    0.195136
3844    0.195213
3845    0.229571
3846    0.202625
3847    0.180659
3848    0.172398
3849    0.172981
3850    0.167602
3851    0.167241
3852    0.17995
3853    0.194733
3854    0.199684
3855    0.176018
3856    0.187139
3857    0.174309
3858    0.167966
3859    0.166953
3860    0.165927
3861    0.186375
3862    0.192238
3863    0.172622
3864    0.172615
3865    0.181405
3866    0.169585
3867    0.171516
3868    0.191352
3869    0.191437
3870    0.165966
3871    0.166794
3872    0.169087
3873    0.172256
3874    0.173822
3875    0.177969
3876    0.171393
3877    0.189865
3878    0.190621
3879    0.168606
3880    0.171313
3881    0.1722
3882    0.174648
3883    0.178373
3884    0.206087
3885    0.197327
3886    0.177102
3887    0.169223
3888    0.170258
3889    0.169255
3890    0.171428
3891    0.197676
3892    0.199315
3893    0.174258
3894    0.176996
3895    0.175832
3896    0.172696
3897    0.170831
3898    0.171465
3899    0.172896
3900    0.200885
3901    0.172479
3902    0.173935
3903    0.178505
3904    0.180151
3905    0.20383
3906    0.199417
3907    0.183743
3908    0.168958
3909    0.176853
3910    0.17792
3911    0.19184
3912    0.169774
3913    0.16785
3914    0.169814
3915    0.174
3916    0.19104
3917    0.198389
3918    0.173743
3919    0.177075
3920    0.174564
3921    0.169949
3922    0.170987
3923    0.190622
3924    0.191785
3925    0.175364
3926    0.169868
3927    0.181365
3928    0.182327
3929    0.194517
3930    0.176032
3931    0.197415
3932    0.191991
3933    0.169567
3934    0.170586
3935    0.171455
3936    0.170817
3937    0.175249
3938    0.192684
3939    0.204386
3940    0.176971
3941    0.176412
3942    0.168582
3943    0.168052
3944    0.216869
3945    0.198925
3946    0.204756
3947    0.235301
3948    0.213053
3949    0.201318
3950    0.203053
3951    0.221856
3952    0.213641
3953    0.23131
3954    0.222797
3955    0.199004
3956    0.197855
3957    0.206993
3958    0.19668
3959    0.236427
3960    0.225436
3961    0.201725
3962    0.20453
3963    0.198622
3964    0.20025
3965    0.234244
3966    0.243154
3967    0.207898
3968    0.199566
3969    0.203449
3970    0.207812
3971    0.234573
3972    0.217836
3973    0.165862
3974    0.168609
3975    0.191677
3976    0.19527
3977    0.185519
3978    0.176195
3979    0.173653
3980    0.190393
3981    0.171331
3982    0.177501
3983    0.1728
3984    0.206219
3985    0.197393
3986    0.192389
3987    0.167268
3988    0.166741
3989    0.16776
3990    0.170531
3991    0.179848
3992    0.199111
3993    0.200472
3994    0.178083
3995    0.17206
3996    0.166721
3997    0.166909
3998    0.174646
3999    0.173268
4000    0.185634
4001    0.170158
4002    0.170564
4003    0.179041
4004    0.173043
4005    0.203336
4006    0.205279
4007    0.17505
4008    0.170295
4009    0.175572
4010    0.167104
4011    0.165594
4012    0.188254
4013    0.191684
4014    0.167196
4015    0.175276
4016    0.174936
4017    0.176655
4018    0.169404
4019    0.192272
4020    0.184328
4021    0.165605
4022    0.171203
4023    0.174331
4024    0.174836
4025    0.179907
4026    0.171042
4027    0.218603
4028    0.189263
4029    0.190092
4030    0.165965
4031    0.168042
4032    0.169677
4033    0.168752
4034    0.199923
4035    0.196965
4036    0.191817
4037    0.172491
4038    0.165403
4039    0.166332
4040    0.170037
4041    0.170354
4042    0.187617
4043    0.193556
4044    0.181047
4045    0.173847
4046    0.17553
4047    0.174064
4048    0.166238
4049    0.166814
4050    0.187683
4051    0.189984
4052    0.193569
4053    0.175441
4054    0.173173
4055    0.173484
4056    0.170621
4057    0.181193
4058    0.185606
4059    0.18673
4060    0.176885
4061    0.167879
4062    0.173767
4063    0.173525
4064    0.176341
4065    0.171726
4066    0.213595
4067    0.1853
4068    0.164165
4069    0.166156
4070    0.169556
4071    0.170769
4072    0.174555
4073    0.189863
4074    0.194979
4075    0.174289
4076    0.171379
4077    0.172269
4078    0.166762
4079    0.165567
4080    0.186215
4081    0.18689
4082    0.169133
4083    0.16812
4084    0.170576
4085    0.169011
4086    0.174061
4087    0.193629
4088    0.188973
4089    0.188295
4090    0.165293
4091    0.166181
4092    0.169007
4093    0.175219
4094    0.173593
4095    0.181911
4096    0.202752
4097    0.197471
4098    0.169463
4099    0.16797
4100    0.168421
4101    0.191736
4102    0.175285
4103    0.178129
4104    0.171632
4105    0.18092
4106    0.176941
4107    0.196228
4108    0.206962
4109    0.205621
4110    0.176148
4111    0.17158
4112    0.172651
4113    0.189994
4114    0.173259
4115    0.186614
4116    0.205004
4117    0.205629
4118    0.182241
4119    0.180542
4120    0.176235
4121    0.171729
4122    0.171308
4123    0.175186
4124    0.200735
4125    0.197492
4126    0.179778
4127    0.181345
4128    0.175225
4129    0.175949
4130    0.171463
4131    0.180357
4132    0.190045
4133    0.198503
4134    0.173594
4135    0.177002
4136    0.183484
4137    0.181279
4138    0.176659
4139    0.171852
4140    0.235148
4141    0.189932
4142    0.197943
4143    0.205525
4144    0.184048
4145    0.180126
4146    0.175445
4147    0.173992
4148    0.173841
4149    0.174664
4150    0.204453
4151    0.204881
4152    0.201667
4153    0.180157
4154    0.181381
4155    0.179064
4156    0.181251
4157    0.190081
4158    0.182241
4159    0.210309
4160    0.211107
4161    0.195181
4162    0.178654
4163    0.176701
4164    0.189001
4165    0.210138
4166    0.177697
4167    0.20326
4168    0.208219
4169    0.202495
4170    0.177458
4171    0.175182
4172    0.177377
4173    0.179874
4174    0.181239
4175    0.187167
4176    0.206989
4177    0.205576
4178    0.194324
4179    0.203542
4180    0.17438
4181    0.179083
4182    0.182936
4183    0.185698
4184    0.189318
4185    0.198833
4186    0.200384
4187    0.19351
4188    0.17573
4189    0.179436
4190    0.187734
4191    0.181323
4192    0.182079
4193    0.175759
4194    0.178148
4195    0.192592
4196    0.201838
4197    0.212885
4198    0.205743
4199    0.199932
4200    0.180464
4201    0.181465
4202    0.181741
4203    0.185049
4204    0.193952
4205    0.195159
4206    0.204754
4207    0.202658
4208    0.198589
4209    0.18691
4210    0.205683
4211    0.20959
4212    0.207158
4213    0.198092
4214    0.179227
4215    0.182727
4216    0.182949
4217    0.187704
4218    0.193198
4219    0.184878
4220    0.182033
4221    0.198208
4222    0.200933
4223    0.207745
4224    0.208087
4225    0.193116
4226    0.184334
4227    0.181135
4228    0.181485
4229    0.184176
4230    0.183074
4231    0.200439
4232    0.218858
4233    0.21912
4234    0.200558
4235    0.201846
4236    0.181933
4237    0.184614
4238    0.182941
4239    0.194672
4240    0.185277
4241    0.181253
4242    0.180676
4243    0.204047
4244    0.214143
4245    0.210693
4246    0.204737
4247    0.183752
4248    0.180521
4249    0.180883
4250    0.181921
4251    0.187903
4252    0.188751
4253    0.197502
4254    0.203964
4255    0.201785
4256    0.201063
4257    0.194976
4258    0.187451
4259    0.192998
4260    0.186795
4261    0.181788
4262    0.181383
4263    0.181939
4264    0.180448
4265    0.181352
4266    0.182696
4267    0.189591
4268    0.194059
4269    0.215203
4270    0.213836
4271    0.202243
4272    0.18796
4273    0.181817
4274    0.188142
4275    0.18483
4276    0.198409
4277    0.181003
4278    0.181548
4279    0.183995
4280    0.208828
4281    0.216665
4282    0.218837
4283    0.210012
4284    0.186001
4285    0.180155
4286    0.181731
4287    0.185122
4288    0.203993
4289    0.183148
4290    0.212002
4291    0.18068
4292    0.211268
4293    0.207489
4294    0.211091
4295    0.225485
4296    0.214201
4297    0.182121
4298    0.184723
4299    0.18226
4300    0.183099
4301    0.20885
4302    0.208944
4303    0.191521
4304    0.187309
4305    0.180438
4306    0.183618
4307    0.1874
4308    0.189156
4309    0.182554
4310    0.184984
4311    0.190987
4312    0.192663
4313    0.191718
4314    0.183577
4315    0.20271
4316    0.20747
4317    0.213167
4318    0.197286
4319    0.200155
4320    0.193121
4321    0.210578
4322    0.218684
4323    0.213924
4324    0.207962
4325    0.206782
4326    0.211701
4327    0.223554
4328    0.212322
4329    0.208188
4330    0.204323
4331    0.207739
4332    0.190125
4333    0.192157
4334    0.189242
4335    0.184186
4336    0.194511
4337    0.188024
4338    0.193703
4339    0.186248
4340    0.187538
4341    0.182913
4342    0.193198
4343    0.213131
4344    0.212866
4345    0.202737
4346    0.210482
4347    0.210167
4348    0.216036
4349    0.220152
4350    0.211855
4351    0.21318
4352    0.216408
4353    0.193655
4354    0.197004
4355    0.190879
4356    0.183872
4357    0.188298
4358    0.190438
4359    0.200868
4360    0.19245
4361    0.185095
4362    0.185757
4363    0.20165
4364    0.217134
4365    0.219599
4366    0.212926
4367    0.207566
4368    0.212094
4369    0.210309
4370    0.226593
4371    0.212257
4372    0.237079
4373    0.20648
4374    0.210592
4375    0.20598
4376    0.189564
4377    0.185727
4378    0.186369
4379    0.192627
4380    0.192874
4381    0.191581
4382    0.185655
4383    0.186754
4384    0.190584
4385    0.194143
4386    0.195205
4387    0.201809
4388    0.204427
4389    0.2137
4390    0.216164
4391    0.245827
4392    0.211275
4393    0.211004
4394    0.213938
4395    0.215438
4396    0.2239
4397    0.192729
4398    0.189698
4399    0.277653
4400    0.210855
4401    0.194993
4402    0.186809
4403    0.188089
4404    0.19266
4405    0.193435
4406    0.191149
4407    0.189264
4408    0.187238
4409    0.205235
4410    0.211554
4411    0.223762
4412    0.206992
4413    0.208847
4414    0.207109
4415    0.217289
4416    0.220034
4417    0.209472
4418    0.205939
4419    0.200185
4420    0.188529
4421    0.196305
4422    0.191956
4423    0.185332
4424    0.191866
4425    0.197582
4426    0.197798
4427    0.191822
4428    0.18719
4429    0.187661
4430    0.199496
4431    0.211387
4432    0.186905
4433    0.186278
4434    0.196232
4435    0.205058
4436    0.209017
4437    0.210024
4438    0.211508
4439    0.213518
4440    0.208141
4441    0.21144
4442    0.213835
4443    0.220491
4444    0.19474
4445    0.183041
4446    0.186637
4447    0.188241
4448    0.196688
4449    0.18839
4450    0.183645
4451    0.187791
4452    0.192384
4453    0.191834
4454    0.188592
4455    0.187217
4456    0.192785
4457    0.193032
4458    0.212003
4459    0.210123
4460    0.2059
4461    0.202505
4462    0.206692
4463    0.210923
4464    0.216957
4465    0.210093
4466    0.207097
4467    0.208077
4468    0.197265
4469    0.234442
4470    0.202744
4471    0.194553
4472    0.189393
4473    0.185849
4474    0.18537
4475    0.189131
4476    0.202991
4477    0.194903
4478    0.19402
4479    0.199232
4480    0.191029
4481    0.193506
4482    0.195754
4483    0.188112
4484    0.190063
4485    0.196404
4486    0.198047
4487    0.190247
4488    0.191778
4489    0.194975
4490    0.198299
4491    0.213711
4492    0.21474
4493    0.219995
4494    0.214691
4495    0.21726
4496    0.220933
4497    0.21941
4498    0.213374
4499    0.210564
4500    0.215786
4501    0.191608
4502    0.194358
4503    0.202344
4504    0.189522
4505    0.188241
4506    0.193056
4507    0.198122
4508    0.194231
4509    0.193631
4510    0.18791
4511    0.191522
4512    0.205931
4513    0.193192
4514    0.190654
4515    0.19347
4516    0.205941
4517    0.222839
4518    0.228278
4519    0.211066
4520    0.211195
4521    0.210717
4522    0.220186
4523    0.228618
4524    0.213396
4525    0.209718
4526    0.209817
4527    0.204003
4528    0.192844
4529    0.1913
4530    0.211311
4531    0.191748
4532    0.199645
4533    0.207599
4534    0.196019
4535    0.192287
4536    0.196009
4537    0.199757
4538    0.195051
4539    0.199594
4540    0.213379
4541    0.217383
4542    0.214542
4543    0.222894
4544    0.215205
4545    0.212587
4546    0.274128
4547    0.21313
4548    0.199797
4549    0.194671
4550    0.18684
4551    0.190197
4552    0.194365
4553    0.200217
4554    0.186266
4555    0.190332
4556    0.189696
4557    0.196026
4558    0.189585
4559    0.194425
4560    0.200099
4561    0.208701
4562    0.217556
4563    0.21773
4564    0.212832
4565    0.211615
4566    0.209512
4567    0.216236
4568    0.223835
4569    0.215241
4570    0.18757
4571    0.188161
4572    0.194476
4573    0.197378
4574    0.188455
4575    0.188893
4576    0.188065
4577    0.189244
4578    0.19753
4579    0.187051
4580    0.187915
4581    0.194817
4582    0.220794
4583    0.220056
4584    0.219185
4585    0.205193
4586    0.208352
4587    0.21887
4588    0.21631
4589    0.215762
4590    0.19705
4591    0.186059
4592    0.203507
4593    0.196706
4594    0.187438
4595    0.185941
4596    0.188991
4597    0.195582
4598    0.191364
4599    0.187067
4600    0.186131
4601    0.209885
4602    0.189349
4603    0.191464
4604    0.197001
4605    0.191558
4606    0.188367
4607    0.196489
4608    0.199124
4609    0.196437
4610    0.187982
4611    0.192926
4612    0.208275
4613    0.210691
4614    0.215649
4615    0.219801
4616    0.223523
4617    0.206376
4618    0.211783
4619    0.218838
4620    0.224948
4621    0.224413
4622    0.18665
4623    0.188132
4624    0.19584
4625    0.200633
4626    0.191136
4627    0.187992
4628    0.189353
4629    0.191325
4630    0.198983
4631    0.19
4632    0.189248
4633    0.20838
4634    0.212958
4635    0.217066
4636    0.224211
4637    0.212183
4638    0.211371
4639    0.216153
4640    0.225535
4641    0.225092
4642    0.206174
4643    0.189347
4644    0.189962
4645    0.191853
4646    0.190757
4647    0.187952
4648    0.188836
4649    0.189514
4650    0.196036
4651    0.19557
4652    0.187362
4653    0.190439
4654    0.191566
4655    0.201845
4656    0.20937
4657    0.191648
4658    0.195748
4659    0.196869
4660    0.192523
4661    0.199799
4662    0.205024
4663    0.210762
4664    0.208704
4665    0.215932
4666    0.213204
4667    0.207776
4668    0.193428
4669    0.195282
4670    0.19827
4671    0.186321
4672    0.189041
4673    0.190949
4674    0.194971
4675    0.186808
4676    0.187571
4677    0.195457
4678    0.198442
4679    0.189907
4680    0.186515
4681    0.188043
4682    0.210171
4683    0.219566
4684    0.21369
4685    0.249296
4686    0.209688
4687    0.234296
4688    0.219598
4689    0.227152
4690    0.211146
4691    0.209359
4692    0.217752
4693    0.220491
4694    0.221995
4695    0.215048
4696    0.20891
4697    0.213731
4698    0.224826
4699    0.219976
4700    0.213105
4701    0.209513
4702    0.198359
4703    0.195494
4704    0.218493
4705    0.203773
4706    0.198666
4707    0.19691
4708    0.198777
4709    0.209973
4710    0.210644
4711    0.200599
4712    0.195286
4713    0.198432
4714    0.212026
4715    0.209254
4716    0.262201
4717    0.193669
4718    0.194442
4719    0.207195
4720    0.206301
4721    0.196836
4722    0.196081
4723    0.193658
4724    0.191974
4725    0.195581
4726    0.187644
4727    0.188483
4728    0.202699
4729    0.20059
4730    0.189282
4731    0.188103
4732    0.186621
4733    0.189344
4734    0.193611
4735    0.19723
4736    0.195549
4737    0.193263
4738    0.195284
4739    0.193255
4740    0.205388
4741    0.20708
4742    0.209655
4743    0.215201
4744    0.221875
4745    0.225547
4746    0.212238
4747    0.205215
4748    0.210761
4749    0.194198
4750    0.194798
4751    0.194279
4752    0.188994
4753    0.186799
4754    0.188439
4755    0.192483
4756    0.192314
4757    0.188795
4758    0.186448
4759    0.18734
4760    0.194901
4761    0.186129
4762    0.188802
4763    0.186885
4764    0.193832
4765    0.191203
4766    0.191302
4767    0.203321
4768    0.212457
4769    0.220408
4770    0.216506
4771    0.214699
4772    0.208993
4773    0.21052
4774    0.214725
4775    0.242214
4776    0.219269
4777    0.207735
4778    0.209936
4779    0.222429
4780    0.224792
4781    0.212151
4782    0.210795
4783    0.210764
4784    0.210214
4785    0.213244
4786    0.216084
4787    0.215142
4788    0.208855
4789    0.201994
4790    0.211201
4791    0.224209
4792    0.213135
4793    0.206608
4794    0.211182
4795    0.215202
4796    0.225073
4797    0.213284
4798    0.213729
4799    0.209425
4800    0.202971
4801    0.192976
4802    0.194279
4803    0.19728
4804    0.18863
4805    0.189568
4806    0.188032
4807    0.195718
4808    0.223076
4809    0.18881
4810    0.233448
4811    0.233018
4812    0.197919
4813    0.202583
4814    0.210557
4815    0.218804
4816    0.221482
4817    0.210767
4818    0.205047
4819    0.207693
4820    0.212276
4821    0.218705
4822    0.215882
4823    0.194444
4824    0.185688
4825    0.195857
4826    0.198649
4827    0.187742
4828    0.186043
4829    0.188844
4830    0.196051
4831    0.200857
4832    0.186198
4833    0.201301
4834    0.187851
4835    0.193969
4836    0.194191
4837    0.19122
4838    0.196881
4839    0.20679
4840    0.215353
4841    0.213488
4842    0.211125
4843    0.206233
4844    0.206575
4845    0.211131
4846    0.219218
4847    0.193368
4848    0.186899
4849    0.186855
4850    0.194827
4851    0.196571
4852    0.187531
4853    0.187087
4854    0.188986
4855    0.190025
4856    0.191711
4857    0.188183
4858    0.186321
4859    0.1912
4860    0.193699
4861    0.190858
4862    0.195235
4863    0.193056
4864    0.199752
4865    0.242223
4866    0.190368
4867    0.19166
4868    0.245079
4869    0.186179
4870    0.188179
4871    0.186926
4872    0.197028
4873    0.18676
4874    0.185544
4875    0.188266
4876    0.202191
4877    0.224368
4878    0.220473
4879    0.204218
4880    0.207577
4881    0.212658
4882    0.21735
4883    0.21842
4884    0.195926
4885    0.184912
4886    0.188
4887    0.194118
4888    0.193672
4889    0.187054
4890    0.186791
4891    0.18698
4892    0.192806
4893    0.18872
4894    0.185467
4895    0.18463
4896    0.189047
4897    0.209812
4898    0.219316
4899    0.221019
4900    0.221268
4901    0.185529
4902    0.18602
4903    0.188125
4904    0.196114
4905    0.194261
4906    0.188204
4907    0.188642
4908    0.188632
4909    0.193585
4910    0.188048
4911    0.20176
4912    0.206853
4913    0.209921
4914    0.22056
4915    0.218722
4916    0.215646
4917    0.20802
4918    0.208449
4919    0.219026
4920    0.217544
4921    0.215372
4922    0.231671
4923    0.210268
4924    0.212496
4925    0.214815
4926    0.217027
4927    0.213236
4928    0.214539
4929    0.187089
4930    0.196334
4931    0.190857
4932    0.184705
4933    0.185684
4934    0.189008
4935    0.196928
4936    0.188408
4937    0.191012
4938    0.184925
4939    0.198585
4940    0.21915
4941    0.220228
4942    0.203476
4943    0.208503
4944    0.210092
4945    0.214588
4946    0.214846
4947    0.21043
4948    0.209394
4949    0.213717
4950    0.217102
4951    0.201399
4952    0.191519
4953    0.186491
4954    0.189877
4955    0.189781
4956    0.192007
4957    0.1886
4958    0.18657
4959    0.191882
4960    0.211079
4961    0.196786
4962    0.200116
4963    0.2042
4964    0.209232
4965    0.214508
4966    0.217126
4967    0.221787
4968    0.211295
4969    0.210011
4970    0.211775
4971    0.214691
4972    0.223431
4973    0.213042
4974    0.192735
4975    0.186075
4976    0.188533
4977    0.197936
4978    0.191793
4979    0.186862
4980    0.188227
4981    0.194144
4982    0.191542
4983    0.189671
4984    0.187377
4985    0.19066
4986    0.19415
4987    0.191841
4988    0.189397
4989    0.206502
4990    0.210106
4991    0.214285
4992    0.216093
4993    0.215846
4994    0.211821
4995    0.210441
4996    0.221523
4997    0.226899
4998    0.212505
4999    0.214737
5000    0.218368
