3601    63845
3602    63880
3603    63831
3604    63853
3605    63793
3606    63891
3607    63928
3608    63998
3609    63995
3610    63996
3611    63999
3612    63997
3613    63996
3614    63998
3615    63997
3616    63996
3617    63998
3618    63998
3619    63995
3620    63994
3621    63996
3622    63995
3623    63996
3624    63997
3625    63994
3626    63995
3627    63996
3628    63998
3629    63996
3630    63997
3631    63997
3632    63997
3633    63997
3634    63998
3635    63996
3636    63998
3637    63999
3638    63998
3639    63998
3640    63949
3641    63928
3642    64000
3643    63997
3644    63997
3645    63996
3646    63999
3647    63999
3648    63955
3649    63950
3650    63998
3651    63999
3652    63997
3653    63999
3654    63996
3655    63999
3656    63998
3657    63999
3658    63998
3659    63998
3660    63998
3661    63999
3662    63997
3663    63999
3664    63998
3665    63999
3666    63998
3667    63999
3668    63998
3669    63999
3670    63997
3671    63999
3672    63996
3673    63998
3674    63997
3675    63453
3676    63718
3677    63868
3678    63911
3679    63946
3680    63991
3681    63991
3682    63993
3683    63990
3684    63996
3685    63991
3686    63995
3687    63992
3688    63996
3689    63994
3690    63993
3691    63996
3692    63998
3693    63993
3694    63995
3695    63997
3696    63998
3697    63998
3698    63998
3699    63998
3700    63999
3701    63999
3702    63997
3703    63996
3704    63996
3705    63996
3706    63998
3707    63997
3708    63996
3709    63998
3710    63996
3711    63995
3712    63996
3713    63997
3714    63998
3715    63997
3716    63997
3717    63996
3718    63998
3719    63994
3720    64000
3721    63996
3722    63996
3723    63996
3724    63998
3725    63996
3726    63996
3727    63997
3728    63996
3729    63997
3730    63996
3731    63995
3732    63994
3733    63993
3734    63995
3735    63994
3736    63978
3737    63996
3738    63995
3739    63997
3740    63994
3741    63996
3742    63994
3743    63995
3744    63995
3745    63994
3746    63994
3747    63952
3748    63993
3749    63991
3750    63992
3751    63986
3752    63995
3753    63995
3754    63994
3755    63993
3756    63994
3757    63993
3758    63993
3759    63994
3760    63994
3761    63990
3762    63994
3763    63991
3764    63994
3765    63992
3766    63993
3767    63994
3768    63978
3769    63994
3770    63972
3771    63853
3772    63702
3773    63862
3774    63928
3775    63971
3776    63994
3777    63982
3778    63993
3779    63992
3780    63895
3781    63834
3782    63899
3783    63944
3784    63990
3785    63991
3786    63993
3787    63977
3788    63999
3789    63997
3790    63997
3791    63991
3792    63994
3793    63996
3794    63975
3795    63999
3796    63997
3797    63999
3798    63999
3799    63998
3800    63999
3801    64000
3802    63997
3803    63934
3804    63999
3805    63998
3806    63999
3807    63998
3808    63999
3809    63998
3810    63999
3811    63997
3812    63999
3813    63998
3814    64000
3815    63999
3816    63998
3817    64000
3818    64000
3819    63998
3820    63997
3821    64000
3822    64000
3823    63999
3824    63999
3825    64000
3826    64000
3827    63997
3828    63954
3829    63947
3830    64000
3831    63999
3832    64000
3833    64000
3834    64000
3835    63999
3836    64000
3837    64000
3838    64000
3839    63999
3840    63999
3841    64000
3842    64000
3843    63999
3844    64000
3845    64000
3846    64000
3847    63999
3848    64000
3849    63999
3850    63999
3851    63954
3852    63949
3853    63999
3854    63999
3855    64000
3856    64000
3857    63998
3858    64000
3859    64000
3860    63999
3861    63999
3862    64000
3863    63999
3864    64000
3865    63999
3866    63999
3867    64000
3868    64000
3869    63996
3870    64000
3871    64000
3872    63999
3873    63902
3874    63851
3875    63876
3876    63934
3877    63999
3878    63999
3879    63997
3880    63999
3881    64000
3882    63999
3883    63998
3884    63999
3885    63997
3886    63997
3887    63996
3888    63996
3889    63998
3890    63998
3891    63998
3892    63998
3893    63998
3894    63998
3895    63998
3896    63997
3897    63834
3898    63863
3899    64000
3900    64000
3901    64000
3902    63998
3903    63997
3904    63992
3905    63998
3906    63997
3907    63997
3908    63952
3909    63802
3910    63839
3911    63879
3912    63928
3913    63997
3914    63997
3915    63998
3916    63996
3917    63998
3918    63997
3919    63996
3920    63993
3921    63997
3922    63996
3923    63995
3924    63994
3925    63995
3926    63995
3927    63996
3928    63996
3929    63994
3930    63996
3931    63996
3932    63996
3933    63996
3934    63998
3935    64000
3936    63998
3937    64000
3938    64000
3939    63999
3940    63999
3941    63991
3942    63999
3943    64000
3944    63999
3945    64000
3946    63998
3947    63997
3948    63997
3949    63997
3950    63998
3951    63998
3952    63998
3953    63998
3954    63997
3955    63996
3956    63996
3957    63996
3958    63996
3959    63996
3960    63996
3961    63995
3962    63997
3963    63995
3964    63997
3965    63994
3966    63992
3967    63999
3968    64000
3969    64000
3970    63999
3971    63999
3972    63999
3973    64000
3974    63999
3975    63999
3976    63996
3977    63999
3978    63999
3979    64000
3980    64000
3981    63997
3982    63999
3983    64000
3984    63999
3985    63995
3986    63996
3987    63996
3988    63997
3989    63996
3990    63996
3991    63997
3992    63996
3993    63996
3994    63997
3995    63996
3996    63997
3997    63997
3998    63929
3999    63806
4000    63944
4001    63998
4002    63997
4003    63996
4004    63994
4005    63997
4006    63996
4007    63995
4008    63997
4009    63996
4010    63993
4011    63963
4012    63996
4013    63996
4014    63996
4015    63998
4016    63998
4017    63996
4018    63997
4019    63997
4020    63998
4021    63997
4022    63761
4023    63896
4024    63995
4025    63996
4026    63997
4027    63990
4028    63994
4029    63998
4030    63998
4031    63998
4032    63998
4033    63997
4034    63998
4035    63998
4036    63994
4037    63996
4038    63997
4039    63997
4040    63996
4041    63995
4042    63995
4043    63994
4044    63995
4045    63995
4046    63993
4047    63959
4048    63774
4049    63961
4050    63996
4051    63992
4052    63995
4053    63997
4054    63998
4055    63997
4056    63996
4057    63997
4058    63999
4059    63998
4060    63998
4061    63998
4062    63997
4063    64000
4064    63997
4065    63997
4066    63998
4067    63998
4068    63928
4069    63961
4070    63998
4071    63996
4072    63998
4073    63997
4074    63998
4075    63995
4076    63998
4077    63997
4078    63997
4079    63995
4080    63997
4081    63997
4082    63997
4083    63996
4084    63997
4085    63996
4086    63998
4087    63971
4088    63880
4089    63909
4090    63920
4091    63997
4092    63997
4093    63997
4094    63995
4095    63996
4096    63997
4097    63996
4098    63996
4099    63997
4100    63997
4101    63995
4102    63413
4103    63623
4104    63805
4105    63960
4106    63993
4107    63994
4108    63994
4109    63995
4110    63994
4111    63995
4112    63994
4113    63996
4114    63994
4115    63996
4116    63995
4117    63995
4118    63992
4119    63989
4120    63996
4121    63995
4122    63993
4123    63995
4124    63992
4125    63995
4126    63994
4127    63993
4128    63992
4129    63994
4130    63992
4131    63995
4132    63989
4133    63989
4134    63988
4135    63987
4136    63986
4137    63985
4138    63984
4139    63982
4140    63988
4141    63948
4142    63978
4143    63974
4144    63995
4145    63994
4146    63994
4147    63996
4148    63994
4149    63994
4150    63993
4151    63995
4152    63993
4153    63993
4154    63993
4155    63960
4156    63996
4157    63995
4158    63996
4159    63993
4160    63993
4161    63994
4162    63997
4163    63998
4164    63994
4165    63998
4166    63994
4167    63996
4168    63996
4169    63995
4170    63993
4171    63996
4172    63947
4173    63997
4174    63995
4175    63997
4176    63994
4177    63997
4178    63997
4179    63999
4180    63997
4181    63998
4182    63998
4183    63998
4184    63998
4185    63996
4186    63996
4187    63996
4188    63996
4189    63993
4190    63712
4191    63869
4192    63909
4193    63998
4194    63999
4195    63999
4196    63947
4197    63961
4198    63999
4199    64000
4200    63998
4201    63999
4202    63998
4203    63876
4204    63933
4205    63995
4206    63997
4207    63996
4208    63890
4209    63819
4210    63967
4211    63994
4212    63998
4213    63994
4214    63995
4215    63995
4216    63996
4217    63994
4218    63994
4219    63996
4220    63991
4221    63996
4222    63994
4223    63995
4224    63995
4225    63995
4226    63992
4227    63950
4228    63997
4229    63998
4230    63998
4231    63999
4232    63997
4233    63998
4234    63999
4235    63997
4236    63998
4237    63998
4238    63998
4239    63997
4240    63995
4241    63995
4242    63996
4243    63998
4244    63997
4245    63997
4246    63997
4247    63996
4248    63998
4249    63997
4250    63995
4251    63998
4252    63997
4253    63998
4254    63996
4255    63997
4256    63994
4257    63996
4258    63995
4259    63994
4260    63999
4261    63998
4262    63982
4263    63998
4264    63996
4265    63997
4266    63999
4267    63999
4268    63997
4269    63999
4270    63997
4271    63998
4272    63997
4273    63999
4274    63997
4275    63998
4276    63998
4277    63998
4278    63996
4279    63998
4280    63997
4281    63997
4282    63998
4283    63999
4284    63998
4285    63997
4286    63996
4287    63998
4288    63997
4289    64000
4290    63998
4291    63998
4292    63997
4293    63998
4294    63999
4295    63999
4296    63999
4297    64000
4298    64000
4299    63998
4300    63994
4301    63947
4302    63997
4303    63999
4304    63997
4305    63999
4306    63828
4307    63937
4308    63994
4309    63997
4310    63997
4311    63997
4312    63996
4313    63996
4314    63995
4315    63996
4316    63992
4317    63927
4318    63997
4319    64000
4320    64000
4321    63998
4322    64000
4323    63999
4324    63999
4325    63999
4326    63987
4327    64000
4328    63999
4329    64000
4330    63998
4331    63999
4332    63998
4333    63999
4334    63997
4335    64000
4336    63998
4337    63999
4338    63997
4339    63998
4340    63999
4341    63998
4342    63998
4343    63998
4344    63999
4345    63998
4346    63999
4347    63998
4348    63999
4349    63997
4350    64000
4351    63998
4352    63996
4353    64000
4354    63999
4355    63998
4356    64000
4357    63996
4358    64000
4359    63998
4360    63997
4361    64000
4362    63999
4363    63997
4364    63998
4365    63999
4366    63999
4367    63998
4368    63999
4369    63998
4370    63999
4371    63999
4372    63996
4373    64000
4374    64000
4375    63998
4376    64000
4377    63998
4378    63998
4379    63998
4380    63998
4381    63999
4382    64000
4383    64000
4384    63998
4385    64000
4386    64000
4387    63998
4388    63999
4389    63998
4390    63998
4391    64000
4392    63999
4393    63998
4394    63997
4395    63991
4396    64000
4397    63998
4398    64000
4399    64000
4400    63997
4401    63999
4402    63999
4403    63998
4404    64000
4405    63999
4406    63998
4407    64000
4408    64000
4409    63998
4410    63997
4411    64000
4412    63996
4413    64000
4414    64000
4415    63998
4416    64000
4417    64000
4418    63999
4419    63999
4420    63998
4421    63998
4422    64000
4423    63999
4424    63999
4425    64000
4426    64000
4427    63998
4428    63915
4429    63981
4430    63998
4431    64000
4432    64000
4433    63999
4434    63999
4435    63999
4436    63997
4437    64000
4438    64000
4439    63999
4440    64000
4441    64000
4442    63999
4443    64000
4444    64000
4445    63998
4446    64000
4447    64000
4448    63998
4449    64000
4450    63998
4451    63999
4452    64000
4453    64000
4454    63999
4455    64000
4456    64000
4457    63999
4458    64000
4459    63999
4460    63999
4461    63999
4462    64000
4463    63998
4464    64000
4465    63998
4466    63999
4467    64000
4468    64000
4469    63999
4470    63999
4471    63999
4472    63999
4473    64000
4474    64000
4475    63999
4476    63899
4477    63703
4478    63880
4479    63684
4480    63964
4481    64000
4482    63999
4483    64000
4484    63998
4485    64000
4486    63998
4487    63999
4488    63928
4489    63977
4490    63999
4491    63997
4492    63998
4493    63999
4494    63997
4495    63999
4496    63997
4497    63995
4498    64000
4499    64000
4500    63997
4501    63998
4502    63999
4503    63998
4504    63999
4505    63999
4506    63999
4507    63998
4508    64000
4509    63999
4510    64000
4511    63999
4512    63997
4513    64000
4514    63999
4515    63999
4516    64000
4517    63999
4518    63996
4519    64000
4520    64000
4521    63998
4522    64000
4523    63998
4524    63997
4525    63999
4526    64000
4527    63997
4528    63998
4529    64000
4530    63999
4531    63999
4532    63998
4533    63999
4534    63998
4535    63999
4536    64000
4537    63999
4538    63998
4539    63998
4540    63998
4541    64000
4542    63999
4543    63998
4544    63999
4545    63999
4546    63998
4547    63998
4548    63999
4549    63999
4550    63998
4551    63999
4552    63999
4553    64000
4554    63999
4555    64000
4556    64000
4557    63997
4558    63999
4559    64000
4560    64000
4561    63999
4562    64000
4563    64000
4564    63999
4565    63998
4566    63999
4567    64000
4568    63998
4569    63999
4570    64000
4571    63999
4572    64000
4573    64000
4574    63999
4575    63999
4576    64000
4577    63999
4578    63999
4579    64000
4580    64000
4581    63999
4582    64000
4583    64000
4584    63998
4585    64000
4586    63999
4587    63999
4588    64000
4589    63998
4590    64000
4591    63998
4592    64000
4593    64000
4594    63999
4595    63999
4596    64000
4597    63999
4598    64000
4599    63999
4600    64000
4601    64000
4602    63998
4603    63999
4604    64000
4605    63998
4606    63999
4607    63998
4608    63997
4609    63999
4610    63999
4611    63998
4612    63999
4613    63997
4614    63998
4615    63999
4616    63999
4617    63997
4618    63999
4619    64000
4620    63999
4621    63998
4622    64000
4623    63998
4624    63998
4625    64000
4626    63998
4627    63999
4628    63995
4629    63999
4630    63999
4631    64000
4632    63997
4633    63999
4634    64000
4635    63998
4636    63997
4637    64000
4638    63999
4639    63999
4640    63999
4641    63999
4642    63999
4643    63999
4644    63997
4645    64000
4646    63999
4647    63998
4648    63999
4649    63998
4650    63999
4651    63999
4652    63999
4653    63998
4654    63999
4655    63999
4656    63999
4657    63998
4658    63998
4659    63998
4660    63997
4661    63999
4662    63999
4663    63990
4664    63946
4665    63998
4666    63999
4667    63997
4668    64000
4669    64000
4670    63999
4671    64000
4672    63999
4673    63999
4674    63999
4675    64000
4676    64000
4677    64000
4678    64000
4679    63997
4680    63999
4681    64000
4682    63999
4683    63999
4684    64000
4685    63997
4686    64000
4687    63999
4688    63998
4689    64000
4690    63999
4691    63998
4692    64000
4693    64000
4694    63998
4695    63998
4696    63999
4697    63999
4698    63999
4699    64000
4700    63997
4701    63957
4702    63999
4703    63998
4704    64000
4705    63996
4706    63999
4707    64000
4708    63998
4709    63998
4710    63999
4711    64000
4712    63999
4713    63999
4714    63999
4715    64000
4716    63998
4717    64000
4718    63999
4719    63999
4720    64000
4721    63998
4722    64000
4723    64000
4724    63998
4725    64000
4726    63998
4727    63998
4728    64000
4729    63999
4730    64000
4731    64000
4732    63999
4733    64000
4734    63998
4735    64000
4736    64000
4737    63999
4738    64000
4739    63998
4740    64000
4741    63999
4742    64000
4743    63999
4744    63999
4745    63998
4746    63999
4747    64000
4748    63999
4749    63999
4750    63999
4751    64000
4752    64000
4753    64000
4754    63999
4755    63998
4756    64000
4757    63999
4758    63998
4759    63955
4760    63671
4761    63897
4762    63999
4763    64000
4764    64000
4765    63998
4766    64000
4767    63999
4768    63999
4769    64000
4770    64000
4771    63998
4772    64000
4773    63998
4774    64000
4775    64000
4776    63999
4777    64000
4778    64000
4779    63997
4780    63999
4781    63997
4782    63974
4783    63999
4784    63999
4785    63999
4786    64000
4787    63999
4788    63999
4789    63998
4790    64000
4791    63998
4792    63999
4793    64000
4794    63999
4795    64000
4796    64000
4797    63999
4798    64000
4799    63998
4800    64000
4801    64000
4802    64000
4803    63999
4804    64000
4805    64000
4806    63998
4807    64000
4808    64000
4809    63998
4810    64000
4811    64000
4812    63999
4813    64000
4814    64000
4815    63997
4816    64000
4817    64000
4818    64000
4819    64000
4820    64000
4821    63999
4822    63999
4823    64000
4824    64000
4825    64000
4826    63999
4827    63999
4828    64000
4829    64000
4830    64000
4831    64000
4832    63999
4833    63999
4834    64000
4835    63999
4836    64000
4837    64000
4838    64000
4839    64000
4840    63999
4841    64000
4842    64000
4843    63999
4844    64000
4845    64000
4846    63999
4847    64000
4848    64000
4849    64000
4850    64000
4851    64000
4852    64000
4853    63998
4854    64000
4855    63999
4856    64000
4857    64000
4858    64000
4859    64000
4860    63998
4861    64000
4862    64000
4863    64000
4864    63999
4865    64000
4866    64000
4867    63999
4868    64000
4869    64000
4870    64000
4871    64000
4872    64000
4873    64000
4874    63999
4875    63999
4876    63999
4877    64000
4878    64000
4879    63999
4880    64000
4881    63999
4882    64000
4883    63999
4884    64000
4885    64000
4886    64000
4887    64000
4888    63998
4889    64000
4890    63999
4891    63999
4892    64000
4893    64000
4894    64000
4895    63999
4896    63999
4897    64000
4898    64000
4899    63999
4900    63999
4901    64000
4902    64000
4903    63999
4904    63999
4905    64000
4906    64000
4907    64000
4908    63999
4909    64000
4910    64000
4911    63999
4912    63999
4913    64000
4914    64000
4915    64000
4916    64000
4917    64000
4918    64000
4919    63998
4920    64000
4921    63999
4922    64000
4923    63999
4924    63999
4925    64000
4926    64000
4927    63998
4928    64000
4929    64000
4930    63999
4931    63999
4932    64000
4933    64000
4934    63998
4935    63999
4936    64000
4937    63999
4938    64000
4939    64000
4940    63999
4941    64000
4942    64000
4943    63998
4944    64000
4945    64000
4946    63999
4947    63998
4948    63999
4949    64000
4950    64000
4951    63998
4952    63999
4953    63999
4954    64000
4955    64000
4956    63999
4957    64000
4958    63999
4959    63999
4960    63998
4961    64000
4962    64000
4963    63999
4964    64000
4965    63998
4966    64000
4967    63998
4968    63999
4969    63999
4970    63999
4971    63998
4972    64000
4973    63998
4974    64000
4975    63996
4976    63998
4977    63999
4978    63998
4979    64000
4980    63999
4981    63999
4982    63997
4983    63866
4984    63970
4985    63996
4986    63999
4987    63999
4988    63999
4989    64000
4990    64000
4991    63999
4992    63999
4993    64000
4994    63998
4995    63999
4996    63999
4997    63999
4998    63999
4999    63999
5000    63998
