3601    152
3602    119
3603    167
3604    145
3605    204
3606    107
3607    72
3608    2
3609    5
3610    4
3611    1
3612    3
3613    4
3614    2
3615    3
3616    4
3617    2
3618    2
3619    5
3620    6
3621    4
3622    5
3623    4
3624    3
3625    6
3626    5
3627    4
3628    2
3629    4
3630    3
3631    3
3632    3
3633    3
3634    2
3635    4
3636    2
3637    1
3638    2
3639    2
3640    50
3641    72
3642    0
3643    3
3644    3
3645    4
3646    1
3647    1
3648    44
3649    50
3650    2
3651    1
3652    3
3653    1
3654    4
3655    1
3656    2
3657    1
3658    2
3659    2
3660    2
3661    1
3662    3
3663    1
3664    2
3665    1
3666    2
3667    1
3668    2
3669    1
3670    3
3671    1
3672    4
3673    2
3674    3
3675    536
3676    280
3677    131
3678    87
3679    54
3680    9
3681    9
3682    7
3683    10
3684    4
3685    9
3686    5
3687    8
3688    4
3689    6
3690    7
3691    4
3692    2
3693    7
3694    5
3695    3
3696    2
3697    2
3698    2
3699    2
3700    1
3701    1
3702    3
3703    4
3704    4
3705    4
3706    2
3707    3
3708    4
3709    2
3710    4
3711    5
3712    4
3713    3
3714    2
3715    3
3716    3
3717    4
3718    2
3719    6
3720    0
3721    4
3722    4
3723    4
3724    2
3725    4
3726    4
3727    3
3728    4
3729    3
3730    4
3731    5
3732    6
3733    7
3734    5
3735    6
3736    22
3737    4
3738    5
3739    3
3740    6
3741    4
3742    6
3743    5
3744    5
3745    6
3746    6
3747    48
3748    7
3749    9
3750    8
3751    14
3752    5
3753    5
3754    6
3755    7
3756    6
3757    7
3758    7
3759    6
3760    6
3761    10
3762    6
3763    9
3764    6
3765    8
3766    7
3767    6
3768    22
3769    6
3770    27
3771    146
3772    292
3773    138
3774    71
3775    29
3776    6
3777    18
3778    7
3779    8
3780    104
3781    163
3782    100
3783    56
3784    10
3785    9
3786    7
3787    23
3788    1
3789    3
3790    3
3791    9
3792    6
3793    4
3794    25
3795    1
3796    3
3797    1
3798    1
3799    2
3800    1
3801    0
3802    3
3803    66
3804    1
3805    2
3806    1
3807    2
3808    1
3809    2
3810    1
3811    3
3812    1
3813    2
3814    0
3815    1
3816    2
3817    0
3818    0
3819    2
3820    3
3821    0
3822    0
3823    1
3824    1
3825    0
3826    0
3827    3
3828    45
3829    53
3830    0
3831    1
3832    0
3833    0
3834    0
3835    1
3836    0
3837    0
3838    0
3839    1
3840    1
3841    0
3842    0
3843    1
3844    0
3845    0
3846    0
3847    1
3848    0
3849    1
3850    1
3851    45
3852    51
3853    1
3854    1
3855    0
3856    0
3857    2
3858    0
3859    0
3860    1
3861    1
3862    0
3863    1
3864    0
3865    1
3866    1
3867    0
3868    0
3869    4
3870    0
3871    0
3872    1
3873    96
3874    148
3875    122
3876    66
3877    1
3878    1
3879    3
3880    1
3881    0
3882    1
3883    2
3884    1
3885    3
3886    3
3887    4
3888    4
3889    2
3890    2
3891    2
3892    2
3893    2
3894    2
3895    2
3896    3
3897    163
3898    137
3899    0
3900    0
3901    0
3902    2
3903    3
3904    8
3905    2
3906    3
3907    3
3908    47
3909    195
3910    158
3911    120
3912    72
3913    3
3914    3
3915    2
3916    4
3917    2
3918    3
3919    4
3920    7
3921    3
3922    4
3923    5
3924    6
3925    5
3926    5
3927    4
3928    4
3929    6
3930    4
3931    4
3932    4
3933    4
3934    2
3935    0
3936    2
3937    0
3938    0
3939    1
3940    1
3941    9
3942    1
3943    0
3944    1
3945    0
3946    2
3947    3
3948    3
3949    3
3950    2
3951    2
3952    2
3953    2
3954    3
3955    4
3956    4
3957    4
3958    4
3959    4
3960    4
3961    5
3962    3
3963    5
3964    3
3965    6
3966    8
3967    1
3968    0
3969    0
3970    1
3971    1
3972    1
3973    0
3974    1
3975    1
3976    4
3977    1
3978    1
3979    0
3980    0
3981    3
3982    1
3983    0
3984    1
3985    5
3986    4
3987    4
3988    3
3989    4
3990    4
3991    3
3992    4
3993    4
3994    3
3995    4
3996    3
3997    3
3998    69
3999    191
4000    56
4001    2
4002    3
4003    4
4004    6
4005    3
4006    4
4007    5
4008    3
4009    4
4010    7
4011    37
4012    4
4013    4
4014    4
4015    2
4016    2
4017    4
4018    3
4019    3
4020    2
4021    3
4022    235
4023    104
4024    5
4025    4
4026    3
4027    10
4028    6
4029    2
4030    2
4031    2
4032    2
4033    3
4034    2
4035    2
4036    6
4037    4
4038    3
4039    3
4040    4
4041    5
4042    5
4043    6
4044    5
4045    5
4046    7
4047    40
4048    224
4049    39
4050    4
4051    8
4052    5
4053    3
4054    2
4055    3
4056    4
4057    3
4058    1
4059    2
4060    2
4061    2
4062    3
4063    0
4064    3
4065    3
4066    2
4067    2
4068    71
4069    39
4070    2
4071    4
4072    2
4073    3
4074    2
4075    5
4076    2
4077    3
4078    3
4079    5
4080    3
4081    3
4082    3
4083    4
4084    3
4085    4
4086    2
4087    27
4088    119
4089    90
4090    80
4091    3
4092    3
4093    3
4094    5
4095    4
4096    3
4097    4
4098    4
4099    3
4100    3
4101    5
4102    576
4103    372
4104    194
4105    40
4106    7
4107    6
4108    6
4109    5
4110    6
4111    5
4112    6
4113    4
4114    6
4115    4
4116    5
4117    5
4118    7
4119    11
4120    4
4121    5
4122    7
4123    5
4124    8
4125    5
4126    6
4127    7
4128    8
4129    6
4130    8
4131    5
4132    11
4133    11
4134    12
4135    13
4136    14
4137    15
4138    16
4139    18
4140    12
4141    51
4142    22
4143    26
4144    5
4145    6
4146    6
4147    4
4148    6
4149    6
4150    7
4151    5
4152    7
4153    7
4154    7
4155    40
4156    4
4157    5
4158    4
4159    7
4160    7
4161    6
4162    3
4163    2
4164    6
4165    2
4166    6
4167    4
4168    4
4169    5
4170    7
4171    3
4172    53
4173    3
4174    5
4175    3
4176    6
4177    3
4178    3
4179    1
4180    3
4181    2
4182    2
4183    2
4184    2
4185    4
4186    4
4187    4
4188    4
4189    6
4190    284
4191    130
4192    91
4193    2
4194    1
4195    1
4196    51
4197    39
4198    1
4199    0
4200    2
4201    1
4202    2
4203    122
4204    67
4205    5
4206    3
4207    4
4208    107
4209    180
4210    33
4211    6
4212    2
4213    6
4214    5
4215    5
4216    4
4217    6
4218    6
4219    4
4220    9
4221    4
4222    6
4223    5
4224    5
4225    5
4226    8
4227    50
4228    3
4229    2
4230    2
4231    1
4232    3
4233    2
4234    1
4235    3
4236    2
4237    2
4238    2
4239    3
4240    5
4241    5
4242    4
4243    2
4244    3
4245    3
4246    3
4247    4
4248    2
4249    3
4250    5
4251    2
4252    3
4253    2
4254    4
4255    3
4256    6
4257    4
4258    5
4259    6
4260    1
4261    2
4262    17
4263    2
4264    4
4265    3
4266    1
4267    1
4268    3
4269    1
4270    3
4271    2
4272    3
4273    1
4274    3
4275    2
4276    2
4277    2
4278    4
4279    2
4280    3
4281    3
4282    2
4283    1
4284    2
4285    3
4286    4
4287    2
4288    3
4289    0
4290    2
4291    2
4292    3
4293    2
4294    1
4295    1
4296    1
4297    0
4298    0
4299    2
4300    5
4301    53
4302    3
4303    1
4304    3
4305    1
4306    170
4307    63
4308    6
4309    3
4310    3
4311    3
4312    4
4313    4
4314    5
4315    4
4316    7
4317    73
4318    3
4319    0
4320    0
4321    2
4322    0
4323    1
4324    1
4325    1
4326    13
4327    0
4328    1
4329    0
4330    2
4331    1
4332    2
4333    1
4334    3
4335    0
4336    2
4337    1
4338    3
4339    2
4340    1
4341    2
4342    2
4343    2
4344    1
4345    2
4346    1
4347    2
4348    1
4349    3
4350    0
4351    2
4352    4
4353    0
4354    1
4355    2
4356    0
4357    4
4358    0
4359    2
4360    3
4361    0
4362    1
4363    3
4364    2
4365    1
4366    1
4367    2
4368    1
4369    2
4370    1
4371    1
4372    4
4373    0
4374    0
4375    2
4376    0
4377    2
4378    2
4379    2
4380    2
4381    1
4382    0
4383    0
4384    2
4385    0
4386    0
4387    2
4388    1
4389    2
4390    2
4391    0
4392    1
4393    2
4394    3
4395    9
4396    0
4397    2
4398    0
4399    0
4400    3
4401    1
4402    1
4403    2
4404    0
4405    1
4406    2
4407    0
4408    0
4409    2
4410    3
4411    0
4412    4
4413    0
4414    0
4415    2
4416    0
4417    0
4418    1
4419    1
4420    2
4421    2
4422    0
4423    1
4424    1
4425    0
4426    0
4427    2
4428    84
4429    19
4430    2
4431    0
4432    0
4433    1
4434    1
4435    1
4436    3
4437    0
4438    0
4439    1
4440    0
4441    0
4442    1
4443    0
4444    0
4445    2
4446    0
4447    0
4448    2
4449    0
4450    2
4451    1
4452    0
4453    0
4454    1
4455    0
4456    0
4457    1
4458    0
4459    1
4460    1
4461    1
4462    0
4463    2
4464    0
4465    2
4466    1
4467    0
4468    0
4469    1
4470    1
4471    1
4472    1
4473    0
4474    0
4475    1
4476    99
4477    294
4478    118
4479    311
4480    36
4481    0
4482    1
4483    0
4484    2
4485    0
4486    2
4487    1
4488    70
4489    23
4490    1
4491    3
4492    2
4493    1
4494    3
4495    1
4496    3
4497    5
4498    0
4499    0
4500    3
4501    2
4502    1
4503    2
4504    1
4505    1
4506    1
4507    2
4508    0
4509    1
4510    0
4511    1
4512    3
4513    0
4514    1
4515    1
4516    0
4517    1
4518    4
4519    0
4520    0
4521    2
4522    0
4523    2
4524    3
4525    1
4526    0
4527    3
4528    2
4529    0
4530    1
4531    1
4532    2
4533    1
4534    2
4535    1
4536    0
4537    1
4538    2
4539    2
4540    2
4541    0
4542    1
4543    2
4544    1
4545    1
4546    2
4547    2
4548    1
4549    1
4550    2
4551    1
4552    1
4553    0
4554    1
4555    0
4556    0
4557    3
4558    1
4559    0
4560    0
4561    1
4562    0
4563    0
4564    1
4565    2
4566    1
4567    0
4568    2
4569    1
4570    0
4571    1
4572    0
4573    0
4574    1
4575    1
4576    0
4577    1
4578    1
4579    0
4580    0
4581    1
4582    0
4583    0
4584    2
4585    0
4586    1
4587    1
4588    0
4589    2
4590    0
4591    2
4592    0
4593    0
4594    1
4595    1
4596    0
4597    1
4598    0
4599    1
4600    0
4601    0
4602    2
4603    1
4604    0
4605    2
4606    1
4607    2
4608    3
4609    1
4610    1
4611    2
4612    1
4613    3
4614    2
4615    1
4616    1
4617    3
4618    1
4619    0
4620    1
4621    2
4622    0
4623    2
4624    2
4625    0
4626    2
4627    1
4628    5
4629    1
4630    1
4631    0
4632    3
4633    1
4634    0
4635    2
4636    3
4637    0
4638    1
4639    1
4640    1
4641    1
4642    1
4643    1
4644    3
4645    0
4646    1
4647    2
4648    1
4649    2
4650    1
4651    1
4652    1
4653    2
4654    1
4655    1
4656    1
4657    2
4658    2
4659    2
4660    3
4661    1
4662    1
4663    9
4664    54
4665    2
4666    1
4667    3
4668    0
4669    0
4670    1
4671    0
4672    1
4673    1
4674    1
4675    0
4676    0
4677    0
4678    0
4679    3
4680    1
4681    0
4682    1
4683    1
4684    0
4685    3
4686    0
4687    1
4688    2
4689    0
4690    1
4691    2
4692    0
4693    0
4694    2
4695    2
4696    1
4697    1
4698    1
4699    0
4700    3
4701    43
4702    1
4703    2
4704    0
4705    4
4706    1
4707    0
4708    2
4709    2
4710    1
4711    0
4712    1
4713    1
4714    1
4715    0
4716    2
4717    0
4718    1
4719    1
4720    0
4721    2
4722    0
4723    0
4724    2
4725    0
4726    2
4727    2
4728    0
4729    1
4730    0
4731    0
4732    1
4733    0
4734    2
4735    0
4736    0
4737    1
4738    0
4739    2
4740    0
4741    1
4742    0
4743    1
4744    1
4745    2
4746    1
4747    0
4748    1
4749    1
4750    1
4751    0
4752    0
4753    0
4754    1
4755    2
4756    0
4757    1
4758    2
4759    44
4760    324
4761    103
4762    1
4763    0
4764    0
4765    2
4766    0
4767    1
4768    1
4769    0
4770    0
4771    2
4772    0
4773    2
4774    0
4775    0
4776    1
4777    0
4778    0
4779    3
4780    1
4781    3
4782    26
4783    1
4784    1
4785    1
4786    0
4787    1
4788    1
4789    2
4790    0
4791    2
4792    1
4793    0
4794    1
4795    0
4796    0
4797    1
4798    0
4799    2
4800    0
4801    0
4802    0
4803    1
4804    0
4805    0
4806    2
4807    0
4808    0
4809    2
4810    0
4811    0
4812    1
4813    0
4814    0
4815    3
4816    0
4817    0
4818    0
4819    0
4820    0
4821    1
4822    1
4823    0
4824    0
4825    0
4826    1
4827    1
4828    0
4829    0
4830    0
4831    0
4832    1
4833    1
4834    0
4835    1
4836    0
4837    0
4838    0
4839    0
4840    1
4841    0
4842    0
4843    1
4844    0
4845    0
4846    1
4847    0
4848    0
4849    0
4850    0
4851    0
4852    0
4853    2
4854    0
4855    1
4856    0
4857    0
4858    0
4859    0
4860    2
4861    0
4862    0
4863    0
4864    1
4865    0
4866    0
4867    1
4868    0
4869    0
4870    0
4871    0
4872    0
4873    0
4874    1
4875    1
4876    1
4877    0
4878    0
4879    1
4880    0
4881    1
4882    0
4883    1
4884    0
4885    0
4886    0
4887    0
4888    2
4889    0
4890    1
4891    1
4892    0
4893    0
4894    0
4895    1
4896    1
4897    0
4898    0
4899    1
4900    1
4901    0
4902    0
4903    1
4904    1
4905    0
4906    0
4907    0
4908    1
4909    0
4910    0
4911    1
4912    1
4913    0
4914    0
4915    0
4916    0
4917    0
4918    0
4919    2
4920    0
4921    1
4922    0
4923    1
4924    1
4925    0
4926    0
4927    2
4928    0
4929    0
4930    1
4931    1
4932    0
4933    0
4934    2
4935    1
4936    0
4937    1
4938    0
4939    0
4940    1
4941    0
4942    0
4943    2
4944    0
4945    0
4946    1
4947    2
4948    1
4949    0
4950    0
4951    2
4952    1
4953    1
4954    0
4955    0
4956    1
4957    0
4958    1
4959    1
4960    2
4961    0
4962    0
4963    1
4964    0
4965    2
4966    0
4967    2
4968    1
4969    1
4970    1
4971    2
4972    0
4973    2
4974    0
4975    4
4976    2
4977    1
4978    2
4979    0
4980    1
4981    1
4982    3
4983    132
4984    30
4985    4
4986    1
4987    1
4988    1
4989    0
4990    0
4991    1
4992    1
4993    0
4994    2
4995    1
4996    1
4997    1
4998    1
4999    1
5000    2
