3601    17.29677419
3602    17.2
3603    17.09467456
3604    17.61904762
3605    17.62801932
3606    16.89908257
3607    16.52777778
3608    16.5
3609    15.8
3610    17.25
3611    15
3612    17
3613    17.25
3614    16.5
3615    17
3616    17.25
3617    16.5
3618    16.5
3619    17.4
3620    16.83333333
3621    16.5
3622    16.8
3623    17.25
3624    17
3625    17
3626    16.8
3627    16.5
3628    15
3629    16.25
3630    16
3631    15.66666667
3632    16
3633    16.66666667
3634    16.5
3635    17
3636    16.5
3637    15
3638    16
3639    16.5
3640    16.49019608
3641    16.22222222
3643    15.66666667
3644    15.66666667
3645    16.5
3646    18
3647    18
3648    16.68888889
3649    15.96
3650    18
3651    18
3652    18
3653    18
3654    18
3655    18
3656    18
3657    18
3658    18
3659    18
3660    18
3661    18
3662    18
3663    18
3664    18
3665    18
3666    18
3667    18
3668    18
3669    18
3670    18
3671    18
3672    18
3673    18
3674    18
3675    17.45521024
3676    16.96099291
3677    17.52272727
3678    16.83146067
3679    16.22222222
3680    16.44444444
3681    15.88888889
3682    16.42857143
3683    15.1
3684    16.5
3685    16.33333333
3686    16.6
3687    16.875
3688    17.5
3689    16.83333333
3690    17.57142857
3691    17.25
3692    17
3693    17
3694    17.6
3695    16.66666667
3696    17
3697    17.5
3698    18
3699    17.5
3700    17
3701    17
3702    18
3703    17.75
3704    16.75
3705    16.75
3706    16
3707    16.33333333
3708    16.75
3709    17.5
3710    17.75
3711    16.8
3712    17.75
3713    17
3714    17.5
3715    17.66666667
3716    18
3717    17.75
3718    17
3719    17.66666667
3721    17.75
3722    17.75
3723    17.75
3724    18
3725    17.75
3726    17.5
3727    17.66666667
3728    18
3729    17.66666667
3730    17
3731    17.2
3732    17.33333333
3733    17
3734    16.2
3735    16.83333333
3736    17.5
3737    15.75
3738    17
3739    16.66666667
3740    16.83333333
3741    16.5
3742    16.83333333
3743    17
3744    17
3745    17.16666667
3746    17.16666667
3747    16.14583333
3748    17
3749    16.66666667
3750    17
3751    17.35714286
3752    16.4
3753    16.4
3754    16
3755    17
3756    16
3757    17
3758    16.85714286
3759    16.83333333
3760    16.16666667
3761    16.9
3762    15.5
3763    16.33333333
3764    15.33333333
3765    16.125
3766    15.71428571
3767    16.16666667
3768    16.81818182
3769    16
3770    17.71428571
3771    16.75510204
3772    16.84228188
3773    16.60144928
3774    17.70833333
3775    16.55172414
3776    15.83333333
3777    16.16666667
3778    15.71428571
3779    15.75
3780    15.64761905
3781    16.8313253
3782    15.62376238
3783    15.41071429
3784    15.2
3785    15
3786    15
3787    16.7826087
3788    15
3789    17
3790    15.66666667
3791    15.77777778
3792    14.83333333
3793    15.25
3794    17.56
3795    18
3796    16.33333333
3797    14
3798    18
3799    16
3800    14
3802    18
3803    15.59090909
3804    17
3805    17.5
3806    17
3807    17.5
3808    17
3809    17.5
3810    17
3811    17.66666667
3812    17
3813    17
3815    18
3816    14
3819    18
3820    16.66666667
3823    18
3824    18
3827    17.66666667
3828    16.34782609
3829    15.43396226
3831    18
3835    18
3839    18
3840    14
3843    18
3847    18
3849    15
3850    15
3851    17.15217391
3852    15.7254902
3853    18
3854    18
3857    18
3860    18
3861    18
3863    18
3865    18
3866    18
3869    16
3872    18
3873    17.68367347
3874    16.20805369
3875    16.08870968
3876    16.10606061
3877    14
3878    14
3879    14.66666667
3880    14
3882    17
3883    16.5
3884    15
3885    16.33333333
3886    16.33333333
3887    15.75
3888    15.75
3889    17
3890    17
3891    16.5
3892    16
3893    16
3894    16
3895    16
3896    14.66666667
3897    16.1746988
3898    15.83211679
3902    15
3903    15
3904    15
3905    15
3906    16.33333333
3907    16.33333333
3908    16.70833333
3909    16.2979798
3910    16.08695652
3911    16.21487603
3912    16.01388889
3913    15
3914    15
3915    15
3916    15.5
3917    15
3918    15
3919    15.25
3920    15.85714286
3921    15
3922    15
3923    15
3924    15.66666667
3925    15.2
3926    15.6
3927    15.25
3928    15.5
3929    15.33333333
3930    15
3931    15
3932    15
3933    15
3934    15
3936    17
3939    18
3940    18
3941    18
3942    15
3944    18
3946    15
3947    16
3948    15
3949    16
3950    15
3951    15
3952    15
3953    15
3954    16
3955    15
3956    15.75
3957    15
3958    15.75
3959    15.75
3960    15
3961    15.6
3962    15
3963    16.2
3964    15
3965    15.5
3966    15.5
3967    18
3970    15
3971    18
3972    18
3974    15
3975    15
3976    16.5
3977    15
3978    15
3981    17
3982    18
3984    15
3985    15.6
3986    15.75
3987    15.75
3988    15
3989    15
3990    15.75
3991    15
3992    15.75
3993    15
3994    15
3995    15.75
3996    15
3997    15
3998    16.73239437
3999    15.95876289
4000    15.91071429
4001    15
4002    16
4003    15.75
4004    16
4005    15
4006    15.75
4007    15.4
4008    15
4009    15.75
4010    15.42857143
4011    15.10810811
4012    15
4013    15
4014    15.75
4015    15.5
4016    18
4017    16.5
4018    17.33333333
4019    16.66666667
4020    17.5
4021    17.66666667
4022    16.84518828
4023    16.08653846
4024    15
4025    16.25
4026    16
4027    16.4
4028    16.5
4029    15
4030    15
4031    15
4032    15
4033    15
4034    15
4035    15
4036    16.83333333
4037    17
4038    17
4039    17
4040    16.5
4041    16.2
4042    16.2
4043    16
4044    16.2
4045    16.2
4046    16.71428571
4047    17.65853659
4048    15.80088496
4049    16.1025641
4050    16.5
4051    16.125
4052    16.4
4053    17.33333333
4054    18
4055    17
4056    17
4057    17.33333333
4058    18
4059    16
4060    18
4061    18
4062    17
4064    17.33333333
4065    16.33333333
4066    17
4067    17
4068    16.16666667
4069    17.23076923
4070    16
4071    16
4072    15.5
4073    15.66666667
4074    15
4075    16
4076    15
4077    15.66666667
4078    16
4079    16
4080    15.66666667
4081    15.66666667
4082    16
4083    15.5
4084    15.33333333
4085    16.25
4086    15
4087    15.55172414
4088    17.38333333
4089    17.21978022
4090    17.1375
4091    16.66666667
4092    16
4093    15.66666667
4094    16.2
4095    15.75
4096    15.66666667
4097    16.5
4098    15.75
4099    16
4100    16.66666667
4101    15.6
4102    17.24020443
4103    16.57824934
4104    16.73333333
4105    16.975
4106    16.14285714
4107    15.5
4108    16
4109    15.6
4110    16
4111    15.6
4112    16.66666667
4113    15.75
4114    16
4115    15.75
4116    16.2
4117    15.6
4118    16.75
4119    15.90909091
4120    16.5
4121    16.6
4122    16.42857143
4123    16
4124    16.75
4125    16.6
4126    15.83333333
4127    16.85714286
4128    16.5
4129    16.5
4130    16.75
4131    16.8
4132    16
4133    15.72727273
4134    15.66666667
4135    16.23076923
4136    16.21428571
4137    16.26666667
4138    15.75
4139    16.05555556
4140    15.33333333
4141    15.42307692
4142    15.81818182
4143    15.30769231
4144    16
4145    16.5
4146    16.33333333
4147    15.75
4148    16.66666667
4149    15.83333333
4150    16
4151    16.2
4152    17
4153    16.71428571
4154    16.85714286
4155    17.45
4156    17
4157    17.2
4158    16.25
4159    17.71428571
4160    17.14285714
4161    17
4162    18.66666667
4163    19.5
4164    18.66666667
4165    17.5
4166    19.16666667
4167    19
4168    18
4169    19.4
4170    17.57142857
4171    19.25
4172    17.58490566
4173    18
4174    17.8
4175    17.66666667
4176    17.83333333
4177    17.33333333
4178    17.66666667
4179    17
4180    18
4181    18.5
4182    18.5
4183    18.5
4184    18.5
4185    17.75
4186    17.75
4187    17.25
4188    17.25
4189    16.85714286
4190    15.27430556
4191    15.53435115
4192    15.89010989
4193    18
4194    18
4195    18
4196    17.98113208
4197    17.05128205
4198    18
4200    18
4201    17
4202    20
4203    18.25806452
4204    17.25373134
4205    18
4206    17
4207    18.25
4208    16.49090909
4209    16.3480663
4210    16.51515152
4211    16.5
4212    15
4213    16.83333333
4214    16.6
4215    16.8
4216    16.25
4217    17.66666667
4218    16.33333333
4219    16
4220    16.66666667
4221    16
4222    16.16666667
4223    16.6
4224    15.8
4225    16.4
4226    16.625
4227    16.86
4228    17.33333333
4229    18.5
4230    19
4231    17
4232    17.33333333
4233    17.5
4234    17
4235    17.66666667
4236    16.5
4237    16.5
4238    18
4239    18
4240    16.6
4241    17.6
4242    16.25
4243    17
4244    18.33333333
4245    16.66666667
4246    17.33333333
4247    18
4248    16.5
4249    16.66666667
4250    16.8
4251    16.5
4252    17.66666667
4253    18
4254    17
4255    16.33333333
4256    16.66666667
4257    17.25
4258    16.8
4259    16.66666667
4260    17
4261    17
4262    17.27777778
4263    20
4264    18.5
4265    17.66666667
4266    17
4267    17
4268    17
4269    17
4270    18.33333333
4271    17.5
4272    16.66666667
4273    17
4274    17
4275    17
4276    17.5
4277    18
4278    18.25
4279    17.5
4280    17.33333333
4281    18.66666667
4282    17
4283    18
4284    17
4285    16.33333333
4286    20.25
4287    16.5
4288    18
4290    17
4291    16.5
4292    17.33333333
4293    18
4294    20
4295    16
4296    16
4299    17
4300    17.33333333
4301    16.32075472
4302    18.66666667
4303    17
4304    17.33333333
4305    16
4306    17.8372093
4307    16.84126984
4308    17
4309    16.33333333
4310    16
4311    16
4312    16.75
4313    17.25
4314    17.2
4315    16.5
4316    16
4317    17.1369863
4318    20.66666667
4321    18
4323    20
4324    18
4325    18
4326    18.46153846
4328    20
4330    18
4331    16
4332    19.5
4333    22
4334    19.66666667
4336    18
4337    22
4338    18.33333333
4339    20
4340    16
4341    19
4342    22
4343    17
4344    18
4345    17.5
4346    16
4347    22
4348    18
4349    17
4351    20
4352    19.5
4354    18
4355    21.5
4357    21
4359    22
4360    19.33333333
4362    20
4363    18.66666667
4364    21
4365    22
4366    18
4367    20.5
4368    22
4369    20
4370    20
4371    17
4372    20.25
4375    19
4377    19
4378    19.5
4379    18.5
4380    22
4381    18
4384    20
4387    19.5
4388    22
4389    18.5
4390    20
4392    18
4393    19.5
4394    19
4395    16.22222222
4397    20
4400    19.33333333
4401    20
4402    22
4403    18.5
4405    19
4406    20
4409    20
4410    20
4412    18.25
4415    20
4418    18
4419    22
4420    19.5
4421    20
4423    22
4424    18
4427    20
4428    19.15294118
4429    20.94736842
4430    19.5
4433    18
4434    17
4435    22
4436    19
4439    18
4442    18
4445    19.5
4448    20
4450    20
4451    18
4454    18
4457    18
4459    21
4460    18
4461    16
4463    18
4465    18.5
4466    18
4469    18
4470    18
4471    16
4472    18
4475    18
4476    20.28712871
4477    19.26599327
4478    19.21666667
4479    19.35126582
4480    18.08333333
4482    16
4484    20.5
4486    21.5
4487    18
4488    18.72222222
4489    18.17391304
4490    21
4491    20.33333333
4492    22
4493    22
4494    20.33333333
4495    22
4496    20.33333333
4497    21
4500    19
4501    19
4502    22
4503    19
4504    22
4505    22
4506    18
4507    22
4509    18
4511    22
4512    20.33333333
4514    22
4515    18
4517    22
4518    20.75
4521    19.5
4523    20
4524    18.66666667
4525    21
4527    19.33333333
4528    19
4530    18
4531    22
4532    20
4533    21
4534    17.5
4535    16
4537    21
4538    19
4539    18.5
4540    17.5
4542    21
4543    20
4544    16
4545    22
4546    18
4547    19
4548    16
4549    20
4550    19
4551    20
4552    20
4554    16
4557    20.66666667
4558    18
4561    16
4564    18
4565    19
4566    21
4568    18
4569    18
4571    20
4574    16
4575    20
4577    21
4578    18
4581    20
4584    20.5
4586    20
4587    17
4589    19
4591    20
4594    20
4595    20
4597    20
4599    20
4602    17.5
4603    20
4605    18.5
4606    21
4607    20.5
4608    20.33333333
4609    21
4610    21
4611    20
4612    21
4613    20
4614    20.5
4615    21
4616    20
4617    20
4618    21
4620    20
4621    18
4623    20
4624    19
4626    19
4627    18
4628    18.6
4629    22
4630    18
4632    19.33333333
4633    18
4635    18
4636    20
4638    20
4639    20
4640    20
4641    20
4642    20
4643    16
4644    20.66666667
4646    20
4647    20
4648    20
4649    20
4650    20
4651    20
4652    20
4653    20
4654    20
4655    20
4656    22
4657    18
4658    20
4659    20
4660    18.66666667
4661    20
4662    20
4663    20
4664    18.44444444
4665    20
4666    18
4667    19.33333333
4670    18
4672    20
4673    20
4674    20
4679    20
4680    20
4682    22
4683    20
4685    20
4687    20
4688    21
4690    20
4691    20
4694    20
4695    20
4696    20
4697    20
4698    20
4700    19.33333333
4701    15.88372093
4702    20
4703    19
4705    19.5
4706    20
4708    20
4709    21
4710    20
4712    20
4713    20
4714    22
4716    20
4718    18
4719    20
4721    21
4724    20
4726    20
4727    17.5
4729    20
4732    20
4734    20
4737    20
4739    20
4741    20
4743    18
4744    20
4745    19
4746    20
4748    20
4749    20
4750    20
4754    20
4755    20
4757    20
4758    20
4759    19.08888889
4760    16.51975684
4761    16.57281553
4762    20
4765    20
4767    20
4768    20
4771    20
4773    20
4776    20
4779    20
4780    20
4781    19
4782    19.69230769
4783    20
4784    20
4785    20
4787    20
4788    20
4789    20
4791    20
4792    20
4794    20
4797    20
4799    20
4803    20
4806    20
4809    20
4812    20
4815    20
4821    20
4822    20
4826    20
4827    20
4832    20
4833    20
4835    20
4840    20
4843    20
4846    20
4853    20
4855    20
4860    20
4864    20
4867    20
4874    20
4875    17
4876    20
4879    20
4881    20
4883    20
4888    20
4890    20
4891    20
4895    20
4896    20
4899    20
4900    20
4903    20
4904    20
4908    20
4911    20
4912    20
4919    18.5
4921    20
4923    17
4924    20
4927    18.5
4930    17
4931    20
4934    18.5
4935    20
4937    17
4940    17
4943    18.5
4946    17
4947    20
4948    17
4951    18.5
4952    17
4953    17
4956    17
4958    17
4959    20
4960    18.5
4963    17
4965    18.5
4967    18.5
4968    20
4969    17
4970    19
4971    18.5
4973    18.5
4975    17.5
4976    18
4977    18
4978    17
4980    16
4981    18
4982    18
4983    18.47014925
4984    18
4985    18.75
4986    20
4987    20
4988    20
4991    20
4992    20
4994    19
4995    18
4996    20
4997    20
4998    18
4999    20
5000    20
