3601    2
3602    2
3603    3
3604    4
3605    6
3606    7
3607    7
3608    7
3609    7
3610    7
3611    7
3612    7
3613    7
3614    7
3615    7
3616    7
3617    7
3618    7
3619    7
3620    7
3621    7
3622    7
3623    7
3624    7
3625    7
3626    7
3627    7
3628    7
3629    7
3630    7
3631    7
3632    7
3633    7
3634    7
3635    7
3636    7
3637    7
3638    7
3639    6
3640    6
3641    6
3642    6
3643    6
3644    6
3645    6
3646    6
3647    6
3648    6
3649    6
3650    6
3651    6
3652    6
3653    6
3654    6
3655    6
3656    6
3657    6
3658    6
3659    6
3660    6
3661    6
3662    6
3663    6
3664    6
3665    6
3666    6
3667    6
3668    6
3669    6
3670    6
3671    6
3672    6
3673    6
3674    5
3675    12
3676    13
3677    13
3678    14
3679    14
3680    14
3681    14
3682    14
3683    14
3684    14
3685    14
3686    14
3687    14
3688    14
3689    14
3690    14
3691    14
3692    14
3693    14
3694    14
3695    14
3696    13
3697    13
3698    13
3699    13
3700    13
3701    13
3702    13
3703    13
3704    13
3705    13
3706    13
3707    13
3708    13
3709    13
3710    13
3711    13
3712    13
3713    13
3714    13
3715    13
3716    13
3717    13
3718    13
3719    13
3720    13
3721    13
3722    13
3723    13
3724    13
3725    13
3726    13
3727    13
3728    13
3729    13
3730    13
3731    13
3732    13
3733    13
3734    13
3735    12
3736    12
3737    12
3738    12
3739    12
3740    12
3741    12
3742    12
3743    12
3744    12
3745    12
3746    11
3747    11
3748    11
3749    11
3750    10
3751    10
3752    10
3753    10
3754    10
3755    10
3756    10
3757    10
3758    10
3759    10
3760    10
3761    10
3762    10
3763    10
3764    10
3765    10
3766    10
3767    9
3768    9
3769    9
3770    9
3771    9
3772    13
3773    12
3774    12
3775    12
3776    11
3777    11
3778    11
3779    10
3780    10
3781    12
3782    12
3783    12
3784    12
3785    12
3786    11
3787    11
3788    11
3789    11
3790    11
3791    11
3792    11
3793    10
3794    10
3795    10
3796    10
3797    10
3798    10
3799    10
3800    10
3801    10
3802    9
3803    9
3804    9
3805    9
3806    9
3807    9
3808    9
3809    9
3810    9
3811    9
3812    9
3813    9
3814    9
3815    9
3816    9
3817    9
3818    9
3819    9
3820    9
3821    9
3822    9
3823    9
3824    9
3825    9
3826    9
3827    8
3828    8
3829    8
3830    8
3831    8
3832    8
3833    8
3834    8
3835    8
3836    8
3837    8
3838    8
3839    8
3840    8
3841    8
3842    8
3843    8
3844    8
3845    8
3846    8
3847    8
3848    8
3849    8
3850    7
3851    7
3852    7
3853    7
3854    7
3855    7
3856    7
3857    7
3858    7
3859    7
3860    7
3861    7
3862    7
3863    7
3864    7
3865    7
3866    7
3867    7
3868    7
3869    7
3870    7
3871    7
3872    6
3873    7
3874    7
3875    8
3876    8
3877    8
3878    8
3879    8
3880    8
3881    8
3882    8
3883    8
3884    8
3885    8
3886    8
3887    8
3888    8
3889    8
3890    8
3891    8
3892    8
3893    8
3894    8
3895    8
3896    7
3897    8
3898    8
3899    8
3900    8
3901    8
3902    8
3903    7
3904    7
3905    7
3906    7
3907    7
3908    7
3909    8
3910    9
3911    9
3912    9
3913    9
3914    9
3915    9
3916    9
3917    9
3918    9
3919    9
3920    9
3921    9
3922    9
3923    9
3924    9
3925    9
3926    9
3927    9
3928    9
3929    9
3930    9
3931    9
3932    9
3933    9
3934    9
3935    9
3936    9
3937    9
3938    9
3939    9
3940    8
3941    8
3942    8
3943    8
3944    8
3945    8
3946    8
3947    8
3948    8
3949    8
3950    8
3951    8
3952    8
3953    8
3954    8
3955    8
3956    8
3957    8
3958    8
3959    8
3960    8
3961    8
3962    8
3963    8
3964    8
3965    7
3966    7
3967    7
3968    7
3969    7
3970    7
3971    7
3972    7
3973    7
3974    7
3975    7
3976    7
3977    7
3978    7
3979    7
3980    7
3981    7
3982    7
3983    7
3984    7
3985    7
3986    7
3987    7
3988    7
3989    7
3990    7
3991    7
3992    7
3993    7
3994    7
3995    7
3996    7
3997    6
3998    7
3999    9
4000    9
4001    9
4002    9
4003    9
4004    9
4005    9
4006    9
4007    9
4008    9
4009    9
4010    8
4011    8
4012    8
4013    8
4014    8
4015    8
4016    8
4017    8
4018    8
4019    8
4020    8
4021    7
4022    9
4023    9
4024    9
4025    9
4026    9
4027    9
4028    9
4029    9
4030    9
4031    9
4032    9
4033    9
4034    9
4035    8
4036    8
4037    8
4038    8
4039    8
4040    8
4041    8
4042    8
4043    8
4044    8
4045    8
4046    8
4047    8
4048    8
4049    8
4050    8
4051    8
4052    8
4053    8
4054    8
4055    8
4056    8
4057    8
4058    8
4059    8
4060    8
4061    8
4062    8
4063    8
4064    8
4065    8
4066    8
4067    7
4068    7
4069    7
4070    7
4071    7
4072    7
4073    7
4074    7
4075    7
4076    7
4077    7
4078    7
4079    7
4080    7
4081    7
4082    7
4083    7
4084    7
4085    7
4086    7
4087    8
4088    8
4089    8
4090    8
4091    8
4092    8
4093    8
4094    8
4095    8
4096    8
4097    8
4098    8
4099    8
4100    8
4101    6
4102    13
4103    15
4104    15
4105    15
4106    15
4107    15
4108    15
4109    15
4110    15
4111    15
4112    15
4113    15
4114    15
4115    15
4116    15
4117    15
4118    15
4119    15
4120    15
4121    15
4122    15
4123    15
4124    15
4125    15
4126    15
4127    15
4128    15
4129    15
4130    15
4131    15
4132    15
4133    15
4134    15
4135    15
4136    15
4137    15
4138    15
4139    15
4140    15
4141    15
4142    14
4143    14
4144    14
4145    14
4146    14
4147    14
4148    14
4149    14
4150    14
4151    14
4152    14
4153    14
4154    13
4155    13
4156    13
4157    13
4158    13
4159    13
4160    13
4161    13
4162    13
4163    13
4164    13
4165    13
4166    13
4167    13
4168    13
4169    13
4170    13
4171    13
4172    13
4173    13
4174    13
4175    13
4176    12
4177    12
4178    12
4179    12
4180    12
4181    12
4182    12
4183    12
4184    12
4185    12
4186    12
4187    12
4188    12
4189    12
4190    14
4191    14
4192    14
4193    14
4194    14
4195    13
4196    14
4197    14
4198    14
4199    14
4200    14
4201    14
4202    13
4203    14
4204    14
4205    14
4206    14
4207    13
4208    14
4209    14
4210    14
4211    14
4212    14
4213    14
4214    14
4215    14
4216    14
4217    13
4218    13
4219    13
4220    13
4221    13
4222    13
4223    13
4224    13
4225    13
4226    12
4227    12
4228    12
4229    12
4230    12
4231    12
4232    12
4233    12
4234    12
4235    12
4236    12
4237    12
4238    12
4239    12
4240    12
4241    12
4242    12
4243    12
4244    12
4245    12
4246    12
4247    12
4248    12
4249    12
4250    12
4251    12
4252    12
4253    12
4254    12
4255    12
4256    12
4257    12
4258    12
4259    12
4260    12
4261    12
4262    12
4263    12
4264    12
4265    12
4266    12
4267    12
4268    12
4269    12
4270    12
4271    12
4272    12
4273    12
4274    12
4275    12
4276    12
4277    12
4278    12
4279    12
4280    12
4281    12
4282    12
4283    12
4284    12
4285    12
4286    12
4287    12
4288    12
4289    12
4290    12
4291    12
4292    12
4293    12
4294    12
4295    12
4296    12
4297    12
4298    12
4299    12
4300    12
4301    12
4302    12
4303    12
4304    12
4305    11
4306    12
4307    12
4308    12
4309    12
4310    12
4311    12
4312    12
4313    12
4314    12
4315    12
4316    12
4317    12
4318    12
4319    12
4320    12
4321    12
4322    12
4323    12
4324    12
4325    11
4326    11
4327    11
4328    11
4329    11
4330    11
4331    11
4332    11
4333    11
4334    11
4335    11
4336    11
4337    11
4338    11
4339    11
4340    11
4341    11
4342    11
4343    11
4344    11
4345    11
4346    11
4347    11
4348    11
4349    11
4350    11
4351    11
4352    11
4353    11
4354    11
4355    11
4356    11
4357    11
4358    11
4359    11
4360    11
4361    11
4362    11
4363    11
4364    11
4365    11
4366    11
4367    11
4368    11
4369    11
4370    11
4371    11
4372    11
4373    11
4374    11
4375    11
4376    11
4377    11
4378    11
4379    11
4380    11
4381    11
4382    11
4383    11
4384    11
4385    11
4386    11
4387    11
4388    11
4389    11
4390    11
4391    11
4392    11
4393    11
4394    10
4395    10
4396    10
4397    10
4398    10
4399    10
4400    10
4401    10
4402    10
4403    10
4404    10
4405    10
4406    10
4407    10
4408    10
4409    10
4410    10
4411    10
4412    10
4413    10
4414    10
4415    10
4416    10
4417    10
4418    10
4419    10
4420    10
4421    10
4422    10
4423    10
4424    10
4425    10
4426    10
4427    9
4428    9
4429    9
4430    9
4431    9
4432    9
4433    9
4434    9
4435    9
4436    9
4437    9
4438    9
4439    9
4440    9
4441    9
4442    9
4443    9
4444    9
4445    9
4446    9
4447    9
4448    9
4449    9
4450    9
4451    9
4452    9
4453    9
4454    9
4455    9
4456    9
4457    9
4458    9
4459    9
4460    9
4461    9
4462    9
4463    9
4464    9
4465    9
4466    9
4467    9
4468    9
4469    9
4470    9
4471    9
4472    9
4473    9
4474    9
4475    8
4476    9
4477    11
4478    11
4479    15
4480    15
4481    15
4482    15
4483    15
4484    15
4485    15
4486    15
4487    14
4488    15
4489    15
4490    15
4491    15
4492    15
4493    15
4494    15
4495    15
4496    15
4497    15
4498    15
4499    15
4500    15
4501    15
4502    15
4503    15
4504    15
4505    15
4506    15
4507    15
4508    15
4509    15
4510    15
4511    15
4512    15
4513    15
4514    15
4515    15
4516    15
4517    15
4518    15
4519    15
4520    15
4521    15
4522    15
4523    15
4524    15
4525    15
4526    15
4527    15
4528    15
4529    15
4530    15
4531    15
4532    15
4533    15
4534    15
4535    15
4536    15
4537    15
4538    15
4539    15
4540    15
4541    15
4542    15
4543    15
4544    15
4545    15
4546    15
4547    14
4548    14
4549    14
4550    14
4551    14
4552    14
4553    14
4554    14
4555    14
4556    14
4557    14
4558    14
4559    14
4560    14
4561    14
4562    14
4563    14
4564    14
4565    14
4566    14
4567    14
4568    14
4569    14
4570    14
4571    14
4572    14
4573    14
4574    14
4575    14
4576    14
4577    14
4578    14
4579    14
4580    14
4581    14
4582    14
4583    14
4584    14
4585    14
4586    14
4587    14
4588    14
4589    14
4590    14
4591    14
4592    14
4593    14
4594    14
4595    14
4596    14
4597    14
4598    14
4599    14
4600    14
4601    14
4602    14
4603    14
4604    14
4605    14
4606    14
4607    14
4608    14
4609    14
4610    14
4611    14
4612    14
4613    14
4614    14
4615    14
4616    14
4617    14
4618    14
4619    14
4620    14
4621    14
4622    14
4623    14
4624    14
4625    14
4626    14
4627    14
4628    14
4629    14
4630    14
4631    14
4632    14
4633    14
4634    14
4635    14
4636    14
4637    14
4638    14
4639    14
4640    14
4641    14
4642    14
4643    14
4644    14
4645    14
4646    14
4647    14
4648    14
4649    14
4650    14
4651    14
4652    14
4653    14
4654    14
4655    14
4656    14
4657    14
4658    14
4659    14
4660    14
4661    14
4662    14
4663    14
4664    14
4665    14
4666    14
4667    14
4668    14
4669    14
4670    14
4671    14
4672    14
4673    14
4674    14
4675    14
4676    14
4677    14
4678    14
4679    14
4680    14
4681    14
4682    14
4683    14
4684    14
4685    14
4686    14
4687    14
4688    14
4689    14
4690    14
4691    14
4692    14
4693    14
4694    14
4695    14
4696    14
4697    14
4698    14
4699    14
4700    13
4701    13
4702    13
4703    13
4704    13
4705    13
4706    13
4707    13
4708    13
4709    13
4710    13
4711    13
4712    13
4713    13
4714    13
4715    13
4716    13
4717    13
4718    13
4719    13
4720    13
4721    13
4722    13
4723    13
4724    13
4725    13
4726    13
4727    13
4728    13
4729    13
4730    13
4731    13
4732    13
4733    13
4734    13
4735    13
4736    13
4737    13
4738    13
4739    13
4740    13
4741    13
4742    13
4743    13
4744    13
4745    13
4746    13
4747    13
4748    13
4749    13
4750    13
4751    13
4752    13
4753    13
4754    13
4755    13
4756    13
4757    13
4758    12
4759    12
4760    14
4761    14
4762    14
4763    14
4764    14
4765    14
4766    14
4767    14
4768    14
4769    14
4770    14
4771    14
4772    14
4773    14
4774    14
4775    14
4776    14
4777    14
4778    14
4779    14
4780    14
4781    13
4782    13
4783    13
4784    13
4785    13
4786    13
4787    13
4788    13
4789    13
4790    13
4791    13
4792    13
4793    13
4794    13
4795    13
4796    13
4797    13
4798    13
4799    13
4800    13
4801    13
4802    13
4803    13
4804    13
4805    13
4806    13
4807    13
4808    13
4809    13
4810    13
4811    13
4812    13
4813    13
4814    13
4815    13
4816    13
4817    13
4818    13
4819    13
4820    13
4821    13
4822    13
4823    13
4824    13
4825    13
4826    13
4827    13
4828    13
4829    13
4830    13
4831    13
4832    13
4833    13
4834    13
4835    13
4836    13
4837    13
4838    13
4839    13
4840    13
4841    13
4842    13
4843    13
4844    13
4845    13
4846    13
4847    13
4848    13
4849    13
4850    13
4851    13
4852    13
4853    13
4854    13
4855    13
4856    13
4857    13
4858    13
4859    13
4860    13
4861    13
4862    13
4863    13
4864    13
4865    13
4866    13
4867    13
4868    13
4869    13
4870    13
4871    13
4872    13
4873    13
4874    13
4875    13
4876    13
4877    13
4878    13
4879    13
4880    13
4881    13
4882    13
4883    13
4884    13
4885    13
4886    13
4887    13
4888    13
4889    13
4890    13
4891    13
4892    13
4893    13
4894    13
4895    13
4896    13
4897    13
4898    13
4899    13
4900    13
4901    13
4902    13
4903    13
4904    13
4905    13
4906    13
4907    13
4908    13
4909    13
4910    13
4911    13
4912    13
4913    13
4914    13
4915    13
4916    13
4917    13
4918    13
4919    13
4920    13
4921    13
4922    13
4923    13
4924    13
4925    13
4926    13
4927    13
4928    13
4929    13
4930    13
4931    13
4932    13
4933    13
4934    13
4935    13
4936    13
4937    13
4938    13
4939    13
4940    13
4941    13
4942    13
4943    13
4944    13
4945    13
4946    13
4947    13
4948    13
4949    13
4950    13
4951    13
4952    13
4953    13
4954    13
4955    13
4956    13
4957    13
4958    13
4959    13
4960    13
4961    13
4962    13
4963    13
4964    13
4965    13
4966    13
4967    13
4968    13
4969    13
4970    13
4971    13
4972    13
4973    13
4974    13
4975    13
4976    13
4977    13
4978    13
4979    13
4980    13
4981    13
4982    12
4983    13
4984    13
4985    13
4986    13
4987    13
4988    13
4989    13
4990    13
4991    13
4992    13
4993    13
4994    13
4995    13
4996    13
4997    13
4998    13
4999    13
5000    13
